Log file open, 04/14/18 09:49:16
LogWindows: Failed to load 'aqProf.dll' (GetLastError=126)
LogWindows: File 'aqProf.dll' does not exist
LogWindows: Failed to load 'VtuneApi.dll' (GetLastError=126)
LogWindows: File 'VtuneApi.dll' does not exist
LogWindows: Failed to load 'VtuneApi32e.dll' (GetLastError=126)
LogWindows: File 'VtuneApi32e.dll' does not exist
LogInit: Display: Running engine for game: MojamTruthFPS
LogPlatformFile: Not using cached read wrapper
LogInit: Display: RandInit(-145476137) SRandInit(-145476137).
LogInit: Read version file with build ID '3944462'
LogInit: Overriding engine version to CL 3989454, compatible CL 3944462
LogInit: Registered custom module enumerator with build ID '3944462'
LogTaskGraph: Started task graph with 5 named threads and 11 total threads with 3 sets of task threads.
LogStats: Stats thread started at 0.184046
LogD3D11RHI: Aftermath initialized
LogICUInternationalization: Display: ICU TimeZone Detection - Raw Offset: -5:00, Platform Override: ''
LogModuleManager: Display: Found up-to-date module file ../../../Engine/Plugins/2D/Paper2D/Binaries/Win64/UE4Editor-Paper2D.dll (API version 3944462).
LogModuleManager: Display: Found up-to-date module file ../../../Engine/Plugins/2D/Paper2D/Binaries/Win64/UE4Editor-Paper2DEditor.dll (API version 3944462).
LogModuleManager: Display: Found up-to-date module file ../../../Engine/Plugins/2D/Paper2D/Binaries/Win64/UE4Editor-PaperSpriteSheetImporter.dll (API version 3944462).
LogModuleManager: Display: Found up-to-date module file ../../../Engine/Plugins/2D/Paper2D/Binaries/Win64/UE4Editor-PaperTiledImporter.dll (API version 3944462).
LogModuleManager: Display: Found up-to-date module file ../../../Engine/Plugins/2D/Paper2D/Binaries/Win64/UE4Editor-SmartSnapping.dll (API version 3944462).
LogModuleManager: Display: Found up-to-date module file ../../../Engine/Plugins/Blendables/LightPropagationVolume/Binaries/Win64/UE4Editor-LightPropagationVolumeRuntime.dll (API version 3944462).
LogModuleManager: Display: Found up-to-date module file ../../../Engine/Plugins/Blendables/LightPropagationVolume/Binaries/Win64/UE4Editor-LightPropagationVolumeEditor.dll (API version 3944462).
LogModuleManager: Display: Found up-to-date module file ../../../Engine/Plugins/Developer/CLionSourceCodeAccess/Binaries/Win64/UE4Editor-CLionSourceCodeAccess.dll (API version 3944462).
LogModuleManager: Display: Found up-to-date module file ../../../Engine/Plugins/Developer/GitSourceControl/Binaries/Win64/UE4Editor-GitSourceControl.dll (API version 3944462).
LogModuleManager: Display: Found up-to-date module file ../../../Engine/Plugins/Developer/PerforceSourceControl/Binaries/Win64/UE4Editor-PerforceSourceControl.dll (API version 3944462).
LogModuleManager: Display: Found up-to-date module file ../../../Engine/Plugins/Developer/SubversionSourceControl/Binaries/Win64/UE4Editor-SubversionSourceControl.dll (API version 3944462).
LogModuleManager: Display: Found up-to-date module file ../../../Engine/Plugins/Developer/UObjectPlugin/Binaries/Win64/UE4Editor-UObjectPlugin.dll (API version 3944462).
LogModuleManager: Display: Found up-to-date module file ../../../Engine/Plugins/Developer/VisualStudioCodeSourceCodeAccess/Binaries/Win64/UE4Editor-VisualStudioCodeSourceCodeAccess.dll (API version 3944462).
LogModuleManager: Display: Found up-to-date module file ../../../Engine/Plugins/Developer/VisualStudioSourceCodeAccess/Binaries/Win64/UE4Editor-VisualStudioSourceCodeAccess.dll (API version 3944462).
LogModuleManager: Display: Found up-to-date module file ../../../Engine/Plugins/Editor/AssetManagerEditor/Binaries/Win64/UE4Editor-AssetManagerEditor.dll (API version 3944462).
LogModuleManager: Display: Found up-to-date module file ../../../Engine/Plugins/Editor/CryptoKeys/Binaries/Win64/UE4Editor-CryptoKeys.dll (API version 3944462).
LogModuleManager: Display: Found up-to-date module file ../../../Engine/Plugins/Editor/CryptoKeys/Binaries/Win64/UE4Editor-CryptoKeysOpenSSL.dll (API version 3944462).
LogModuleManager: Display: Found up-to-date module file ../../../Engine/Plugins/Editor/DataValidation/Binaries/Win64/UE4Editor-DataValidation.dll (API version 3944462).
LogModuleManager: Display: Found up-to-date module file ../../../Engine/Plugins/Editor/FacialAnimation/Binaries/Win64/UE4Editor-FacialAnimation.dll (API version 3944462).
LogModuleManager: Display: Found up-to-date module file ../../../Engine/Plugins/Editor/FacialAnimation/Binaries/Win64/UE4Editor-FacialAnimationEditor.dll (API version 3944462).
LogModuleManager: Display: Found up-to-date module file ../../../Engine/Plugins/Editor/GameplayTagsEditor/Binaries/Win64/UE4Editor-GameplayTagsEditor.dll (API version 3944462).
LogModuleManager: Display: Found up-to-date module file ../../../Engine/Plugins/Editor/MobileLauncherProfileWizard/Binaries/Win64/UE4Editor-MobileLauncherProfileWizard.dll (API version 3944462).
LogModuleManager: Display: Found up-to-date module file ../../../Engine/Plugins/Editor/PluginBrowser/Binaries/Win64/UE4Editor-PluginBrowser.dll (API version 3944462).
LogModuleManager: Display: Found up-to-date module file ../../../Engine/Plugins/Editor/SpeedTreeImporter/Binaries/Win64/UE4Editor-SpeedTreeImporter.dll (API version 3944462).
LogModuleManager: Display: Found up-to-date module file ../../../Engine/Plugins/Enterprise/DatasmithContent/Binaries/Win64/UE4Editor-DatasmithContent.dll (API version 3944462).
LogModuleManager: Display: Found up-to-date module file ../../../Engine/Plugins/Experimental/AlembicImporter/Binaries/Win64/UE4Editor-AlembicImporter.dll (API version 3944462).
LogModuleManager: Display: Found up-to-date module file ../../../Engine/Plugins/Experimental/AlembicImporter/Binaries/Win64/UE4Editor-AlembicLibrary.dll (API version 3944462).
LogModuleManager: Display: Found up-to-date module file ../../../Engine/Plugins/Experimental/CharacterAI/Binaries/Win64/UE4Editor-CharacterAI.dll (API version 3944462).
LogModuleManager: Display: Found up-to-date module file ../../../Engine/Plugins/Experimental/HTML5Networking/Binaries/Win64/UE4Editor-HTML5Networking.dll (API version 3944462).
LogModuleManager: Display: Found up-to-date module file ../../../Engine/Plugins/Media/AndroidMedia/Binaries/Win64/UE4Editor-AndroidMediaEditor.dll (API version 3944462).
LogModuleManager: Display: Found up-to-date module file ../../../Engine/Plugins/Media/AndroidMedia/Binaries/Win64/UE4Editor-AndroidMediaFactory.dll (API version 3944462).
LogModuleManager: Display: Found up-to-date module file ../../../Engine/Plugins/Media/AvfMedia/Binaries/Win64/UE4Editor-AvfMediaEditor.dll (API version 3944462).
LogModuleManager: Display: Found up-to-date module file ../../../Engine/Plugins/Media/AvfMedia/Binaries/Win64/UE4Editor-AvfMediaFactory.dll (API version 3944462).
LogModuleManager: Display: Found up-to-date module file ../../../Engine/Plugins/Media/AvfMedia/Binaries/Win64/UE4Editor-AvfMediaFactory.dll (API version 3944462).
LogModuleManager: Display: Found up-to-date module file ../../../Engine/Plugins/Media/ImgMedia/Binaries/Win64/UE4Editor-ImgMedia.dll (API version 3944462).
LogModuleManager: Display: Found up-to-date module file ../../../Engine/Plugins/Media/ImgMedia/Binaries/Win64/UE4Editor-ImgMediaEditor.dll (API version 3944462).
LogModuleManager: Display: Found up-to-date module file ../../../Engine/Plugins/Media/ImgMedia/Binaries/Win64/UE4Editor-ImgMediaFactory.dll (API version 3944462).
LogModuleManager: Display: Found up-to-date module file ../../../Engine/Plugins/Media/ImgMedia/Binaries/Win64/UE4Editor-ImgMediaFactory.dll (API version 3944462).
LogModuleManager: Display: Found up-to-date module file ../../../Engine/Plugins/Media/ImgMedia/Binaries/Win64/UE4Editor-OpenExrWrapper.dll (API version 3944462).
LogModuleManager: Display: Found up-to-date module file ../../../Engine/Plugins/Media/LinearTimecode/Binaries/Win64/UE4Editor-LinearTimecode.dll (API version 3944462).
LogModuleManager: Display: Found up-to-date module file ../../../Engine/Plugins/Media/MediaCompositing/Binaries/Win64/UE4Editor-MediaCompositing.dll (API version 3944462).
LogModuleManager: Display: Found up-to-date module file ../../../Engine/Plugins/Media/MediaCompositing/Binaries/Win64/UE4Editor-MediaCompositingEditor.dll (API version 3944462).
LogModuleManager: Display: Found up-to-date module file ../../../Engine/Plugins/Media/MediaPlayerEditor/Binaries/Win64/UE4Editor-MediaPlayerEditor.dll (API version 3944462).
LogModuleManager: Display: Found up-to-date module file ../../../Engine/Plugins/Media/WmfMedia/Binaries/Win64/UE4Editor-WmfMedia.dll (API version 3944462).
LogModuleManager: Display: Found up-to-date module file ../../../Engine/Plugins/Media/WmfMedia/Binaries/Win64/UE4Editor-WmfMediaEditor.dll (API version 3944462).
LogModuleManager: Display: Found up-to-date module file ../../../Engine/Plugins/Media/WmfMedia/Binaries/Win64/UE4Editor-WmfMediaFactory.dll (API version 3944462).
LogModuleManager: Display: Found up-to-date module file ../../../Engine/Plugins/Media/WmfMedia/Binaries/Win64/UE4Editor-WmfMediaFactory.dll (API version 3944462).
LogModuleManager: Display: Found up-to-date module file ../../../Engine/Plugins/Messaging/TcpMessaging/Binaries/Win64/UE4Editor-TcpMessaging.dll (API version 3944462).
LogModuleManager: Display: Found up-to-date module file ../../../Engine/Plugins/Messaging/UdpMessaging/Binaries/Win64/UE4Editor-UdpMessaging.dll (API version 3944462).
LogModuleManager: Display: Found up-to-date module file ../../../Engine/Plugins/MovieScene/ActorSequence/Binaries/Win64/UE4Editor-ActorSequence.dll (API version 3944462).
LogModuleManager: Display: Found up-to-date module file ../../../Engine/Plugins/MovieScene/LevelSequenceEditor/Binaries/Win64/UE4Editor-LevelSequenceEditor.dll (API version 3944462).
LogModuleManager: Display: Found up-to-date module file ../../../Engine/Plugins/MovieScene/MatineeToLevelSequence/Binaries/Win64/UE4Editor-MatineeToLevelSequence.dll (API version 3944462).
LogModuleManager: Display: Found up-to-date module file ../../../Engine/Plugins/NetcodeUnitTest/NetcodeUnitTest/Binaries/Win64/UE4Editor-NetcodeUnitTest.dll (API version 3944462).
LogModuleManager: Display: Found up-to-date module file ../../../Engine/Plugins/NetcodeUnitTest/NUTUnrealEngine4/Binaries/Win64/UE4Editor-NUTUnrealEngine4.dll (API version 3944462).
LogModuleManager: Display: Found up-to-date module file ../../../Engine/Plugins/Online/OnlineSubsystem/Binaries/Win64/UE4Editor-OnlineSubsystem.dll (API version 3944462).
LogModuleManager: Display: Found up-to-date module file ../../../Engine/Plugins/Runtime/AndroidPermission/Binaries/Win64/UE4Editor-AndroidPermission.dll (API version 3944462).
LogModuleManager: Display: Found up-to-date module file ../../../Engine/Plugins/Online/OnlineSubsystemNull/Binaries/Win64/UE4Editor-OnlineSubsystemNull.dll (API version 3944462).
LogModuleManager: Display: Found up-to-date module file ../../../Engine/Plugins/Online/OnlineSubsystemUtils/Binaries/Win64/UE4Editor-OnlineSubsystemUtils.dll (API version 3944462).
LogModuleManager: Display: Found up-to-date module file ../../../Engine/Plugins/Online/OnlineSubsystemUtils/Binaries/Win64/UE4Editor-OnlineBlueprintSupport.dll (API version 3944462).
LogModuleManager: Display: Found up-to-date module file ../../../Engine/Plugins/Runtime/AndroidDeviceProfileSelector/Binaries/Win64/UE4Editor-AndroidDeviceProfileSelector.dll (API version 3944462).
LogModuleManager: Display: Found up-to-date module file ../../../Engine/Plugins/Runtime/AppleARKit/Binaries/Win64/UE4Editor-AppleARKit.dll (API version 3944462).
LogModuleManager: Display: Found up-to-date module file ../../../Engine/Plugins/Runtime/ProceduralMeshComponent/Binaries/Win64/UE4Editor-ProceduralMeshComponent.dll (API version 3944462).
LogModuleManager: Display: Found up-to-date module file ../../../Engine/Plugins/Runtime/ProceduralMeshComponent/Binaries/Win64/UE4Editor-ProceduralMeshComponentEditor.dll (API version 3944462).
LogModuleManager: Display: Found up-to-date module file ../../../Engine/Plugins/Animation/LiveLink/Binaries/Win64/UE4Editor-LiveLink.dll (API version 3944462).
LogModuleManager: Display: Found up-to-date module file ../../../Engine/Plugins/Animation/LiveLink/Binaries/Win64/UE4Editor-LiveLinkEditor.dll (API version 3944462).
LogModuleManager: Display: Found up-to-date module file ../../../Engine/Plugins/Runtime/ArchVisCharacter/Binaries/Win64/UE4Editor-ArchVisCharacter.dll (API version 3944462).
LogModuleManager: Display: Found up-to-date module file ../../../Engine/Plugins/Runtime/AudioCapture/Binaries/Win64/UE4Editor-AudioCapture.dll (API version 3944462).
LogModuleManager: Display: Found up-to-date module file ../../../Engine/Plugins/Runtime/AudioCapture/Binaries/Win64/UE4Editor-AudioCaptureEditor.dll (API version 3944462).
LogModuleManager: Display: Found up-to-date module file ../../../Engine/Plugins/Runtime/CableComponent/Binaries/Win64/UE4Editor-CableComponent.dll (API version 3944462).
LogModuleManager: Display: Found up-to-date module file ../../../Engine/Plugins/Runtime/CustomMeshComponent/Binaries/Win64/UE4Editor-CustomMeshComponent.dll (API version 3944462).
LogModuleManager: Display: Found up-to-date module file ../../../Engine/Plugins/Runtime/ExampleDeviceProfileSelector/Binaries/Win64/UE4Editor-ExampleDeviceProfileSelector.dll (API version 3944462).
LogModuleManager: Display: Found up-to-date module file ../../../Engine/Plugins/Runtime/ImmediatePhysics/Binaries/Win64/UE4Editor-ImmediatePhysics.dll (API version 3944462).
LogModuleManager: Display: Found up-to-date module file ../../../Engine/Plugins/Runtime/ImmediatePhysics/Binaries/Win64/UE4Editor-ImmediatePhysicsEditor.dll (API version 3944462).
LogModuleManager: Display: Found up-to-date module file ../../../Engine/Plugins/Runtime/LocationServicesBPLibrary/Binaries/Win64/UE4Editor-LocationServicesBPLibrary.dll (API version 3944462).
LogModuleManager: Display: Found up-to-date module file ../../../Engine/Plugins/Runtime/MobilePatchingUtils/Binaries/Win64/UE4Editor-MobilePatchingUtils.dll (API version 3944462).
LogModuleManager: Display: Found up-to-date module file ../../../Engine/Plugins/Runtime/Oculus/OculusVR/Binaries/Win64/UE4Editor-OculusHMD.dll (API version 3944462).
LogModuleManager: Display: Found up-to-date module file ../../../Engine/Plugins/Runtime/Oculus/OculusVR/Binaries/Win64/UE4Editor-OculusInput.dll (API version 3944462).
LogModuleManager: Display: Found up-to-date module file ../../../Engine/Plugins/Runtime/Oculus/OculusVR/Binaries/Win64/UE4Editor-OculusEditor.dll (API version 3944462).
LogModuleManager: Display: Found up-to-date module file ../../../Engine/Plugins/Runtime/PhysXVehicles/Binaries/Win64/UE4Editor-PhysXVehicles.dll (API version 3944462).
LogModuleManager: Display: Found up-to-date module file ../../../Engine/Plugins/Runtime/PhysXVehicles/Binaries/Win64/UE4Editor-PhysXVehiclesEditor.dll (API version 3944462).
LogModuleManager: Display: Found up-to-date module file ../../../Engine/Plugins/Runtime/RuntimePhysXCooking/Binaries/Win64/UE4Editor-RuntimePhysXCooking.dll (API version 3944462).
LogModuleManager: Display: Found up-to-date module file ../../../Engine/Plugins/Runtime/Steam/SteamVR/Binaries/Win64/UE4Editor-SteamVR.dll (API version 3944462).
LogModuleManager: Display: Found up-to-date module file ../../../Engine/Plugins/Runtime/Steam/SteamVR/Binaries/Win64/UE4Editor-SteamVRController.dll (API version 3944462).
LogModuleManager: Display: Found up-to-date module file ../../../Engine/Plugins/Runtime/WindowsMoviePlayer/Binaries/Win64/UE4Editor-WindowsMoviePlayer.dll (API version 3944462).
LogPluginManager: Mounting plugin Paper2D
LogPluginManager: Mounting plugin LiveLink
LogPluginManager: Mounting plugin LightPropagationVolume
LogPluginManager: Mounting plugin CLionSourceCodeAccess
LogPluginManager: Mounting plugin CodeLiteSourceCodeAccess
LogPluginManager: Mounting plugin GitSourceControl
LogPluginManager: Mounting plugin KDevelopSourceCodeAccess
LogPluginManager: Mounting plugin NullSourceCodeAccess
LogPluginManager: Mounting plugin PerforceSourceControl
LogPluginManager: Mounting plugin SubversionSourceControl
LogPluginManager: Mounting plugin UObjectPlugin
LogPluginManager: Mounting plugin VisualStudioCodeSourceCodeAccess
LogPluginManager: Mounting plugin VisualStudioSourceCodeAccess
LogPluginManager: Mounting plugin XCodeSourceCodeAccess
LogPluginManager: Mounting plugin AssetManagerEditor
LogPluginManager: Mounting plugin CryptoKeys
LogPluginManager: Mounting plugin DataValidation
LogPluginManager: Mounting plugin FacialAnimation
LogPluginManager: Mounting plugin GameplayTagsEditor
LogPluginManager: Mounting plugin MobileLauncherProfileWizard
LogPluginManager: Mounting plugin PluginBrowser
LogPluginManager: Mounting plugin SpeedTreeImporter
LogPluginManager: Mounting plugin DatasmithContent
LogPluginManager: Mounting plugin AlembicImporter
LogPluginManager: Mounting plugin CharacterAI
LogPluginManager: Mounting plugin HTML5Networking
LogPluginManager: Mounting plugin AndroidMedia
LogPluginManager: Mounting plugin AvfMedia
LogPluginManager: Mounting plugin ImgMedia
LogPluginManager: Mounting plugin LinearTimecode
LogPluginManager: Mounting plugin MediaCompositing
LogPluginManager: Mounting plugin MediaPlayerEditor
LogPluginManager: Mounting plugin WmfMedia
LogPluginManager: Mounting plugin TcpMessaging
LogPluginManager: Mounting plugin UdpMessaging
LogPluginManager: Mounting plugin ActorSequence
LogPluginManager: Mounting plugin LevelSequenceEditor
LogPluginManager: Mounting plugin MatineeToLevelSequence
LogPluginManager: Mounting plugin NetcodeUnitTest
LogPluginManager: Mounting plugin NUTUnrealEngine4
LogPluginManager: Mounting plugin OnlineSubsystemGooglePlay
LogPluginManager: Mounting plugin OnlineSubsystemIOS
LogPluginManager: Mounting plugin OnlineSubsystem
LogPluginManager: Mounting plugin OnlineSubsystemNull
LogPluginManager: Mounting plugin OnlineSubsystemUtils
LogPluginManager: Mounting plugin AndroidDeviceProfileSelector
LogPluginManager: Mounting plugin AndroidMoviePlayer
LogPluginManager: Mounting plugin AndroidPermission
LogPluginManager: Mounting plugin AppleARKit
LogPluginManager: Mounting plugin AppleMoviePlayer
LogPluginManager: Mounting plugin ArchVisCharacter
LogPluginManager: Mounting plugin AudioCapture
LogPluginManager: Mounting plugin CableComponent
LogPluginManager: Mounting plugin CustomMeshComponent
LogPluginManager: Mounting plugin ExampleDeviceProfileSelector
LogPluginManager: Mounting plugin GoogleCloudMessaging
LogPluginManager: Mounting plugin ImmediatePhysics
LogPluginManager: Mounting plugin IOSDeviceProfileSelector
LogPluginManager: Mounting plugin LinuxDeviceProfileSelector
LogPluginManager: Mounting plugin LocationServicesBPLibrary
LogPluginManager: Mounting plugin MobilePatchingUtils
LogPluginManager: Mounting plugin OculusVR
LogPluginManager: Plugin shader directory ../../../Engine/Plugins/Runtime/Oculus/OculusVR/Shaders found
LogPluginManager: Mapping shader source directory ../../../Engine/Plugins/Runtime/Oculus/OculusVR/Shaders to virtual directory /Plugin/OculusVR
LogPluginManager: Mounting plugin PhysXVehicles
LogPluginManager: Mounting plugin ProceduralMeshComponent
LogPluginManager: Mounting plugin RuntimePhysXCooking
LogPluginManager: Mounting plugin SteamVR
LogPluginManager: Mounting plugin WindowsMoviePlayer
LogStreaming: Display: Took  1.599s to configure plugins.
LogInit: Using libcurl 7.47.1
LogInit:  - built for x86_64-pc-win32
LogInit:  - supports SSL with OpenSSL/1.0.2g
LogInit:  - supports HTTP deflate (compression) using libz 1.2.8
LogInit:  - other features:
LogInit:      CURL_VERSION_SSL
LogInit:      CURL_VERSION_LIBZ
LogInit:      CURL_VERSION_IPV6
LogInit:      CURL_VERSION_ASYNCHDNS
LogInit:      CURL_VERSION_LARGEFILE
LogInit:      CURL_VERSION_IDN
LogInit:  CurlRequestOptions (configurable via config and command line):
LogInit:  - bVerifyPeer = false  - Libcurl will NOT verify peer certificate
LogInit:  - bUseHttpProxy = false  - Libcurl will NOT use HTTP proxy
LogInit:  - bDontReuseConnections = false  - Libcurl will reuse connections
LogInit:  - CertBundlePath = nullptr  - Libcurl will use whatever was configured at build time.
LogInit:  - MaxHostConnections = 16  - Libcurl will limit the number of connections to a host
LogInit:  - LocalHostAddr = Default
LogInit: WinSock: version 1.1 (2.2), MaxSocks=32767, MaxUdp=65467
LogInit: WinSock: I am DESKTOP-RUO20BN (192.168.44.54:0)
LogInit: Build: ++UE4+Release-4.19-CL-3989454
LogInit: Engine Version: 4.19.1-3989454+++UE4+Release-4.19
LogInit: Compatible Engine Version: 4.19.0-3944462+++UE4+Release-4.19
LogInit: Net CL: 3944462
LogDevObjectVersion: Number of dev versions registered: 18
LogDevObjectVersion:   Dev-Blueprints (B0D832E4-1F89-4F0D-ACCF-7EB736FD4AA2): 10
LogDevObjectVersion:   Dev-Build (E1C64328-A22C-4D53-A36C-8E866417BD8C): 0
LogDevObjectVersion:   Dev-Core (375EC13C-06E4-48FB-B500-84F0262A717E): 2
LogDevObjectVersion:   Dev-Editor (E4B068ED-F494-42E9-A231-DA0B2E46BB41): 23
LogDevObjectVersion:   Dev-Framework (CFFC743F-43B0-4480-9391-14DF171D2073): 33
LogDevObjectVersion:   Dev-Mobile (B02B49B5-BB20-44E9-A304-32B752E40360): 2
LogDevObjectVersion:   Dev-Networking (A4E4105C-59A1-49B5-A7C5-40C4547EDFEE): 0
LogDevObjectVersion:   Dev-Online (39C831C9-5AE6-47DC-9A44-9C173E1C8E7C): 0
LogDevObjectVersion:   Dev-Physics (78F01B33-EBEA-4F98-B9B4-84EACCB95AA2): 0
LogDevObjectVersion:   Dev-Platform (6631380F-2D4D-43E0-8009-CF276956A95A): 0
LogDevObjectVersion:   Dev-Rendering (12F88B9F-8875-4AFC-A67C-D90C383ABD29): 25
LogDevObjectVersion:   Dev-Sequencer (7B5AE74C-D270-4C10-A958-57980B212A5A): 6
LogDevObjectVersion:   Dev-VR (D7296918-1DD6-4BDD-9DE2-64A83CC13884): 1
LogDevObjectVersion:   Dev-LoadTimes (C2A15278-BFE7-4AFE-6C17-90FF531DF755): 1
LogDevObjectVersion:   Private-Geometry (6EACA3D4-40EC-4CC1-B786-8BED09428FC5): 2
LogDevObjectVersion:   Dev-AnimPhys (29E575DD-E0A3-4627-9D10-D276232CDCEA): 16
LogDevObjectVersion:   Dev-ReflectionCapture (6B266CEC-1EC7-4B8F-A30B-E4D90942FC07): 1
LogDevObjectVersion:   Dev-Automation (0DF73D61-A23F-47EA-B727-89E90C41499A): 1
LogInit: Compiled (64-bit): Apr  6 2018 12:26:04
LogInit: Compiled with Visual C++: 19.00.24215.01
LogInit: Build Configuration: Development
LogInit: Branch Name: ++UE4+Release-4.19
LogInit: Command Line:  /Game/FirstPersonBP/Maps/FirstPersonExampleMap -game -PIEVIACONSOLE -ResX=1280 -ResY=720  -Multiprocess -messaging -SessionName="Play in Standalone Game" -windowed 
LogInit: Base Directory: C:/Program Files/Epic Games/UE_4.19/Engine/Binaries/Win64/
LogInit: Installed Engine Build: 1
LogStreaming: Display: Took  0.001s to delete old logs.
LogInit: Presizing for max 8388607 objects, including 0 objects not considered by GC, pre-allocating 0 bytes for permanent pool.
LogInit: Object subsystem initialized
[2018.04.14-13.49.18:379][  0]LogInit: Selected Device Profile: [Windows]
[2018.04.14-13.49.18:379][  0]LogInit: Applying CVar settings loaded from the selected device profile: [Windows]
[2018.04.14-13.49.18:385][  0]LogInit: Computer: DESKTOP-RUO20BN
[2018.04.14-13.49.18:385][  0]LogInit: User: JonathanChouinard
[2018.04.14-13.49.18:385][  0]LogInit: CPU Page size=4096, Cores=2
[2018.04.14-13.49.18:385][  0]LogInit: High frequency timer resolution =2.742186 MHz
[2018.04.14-13.49.18:386][  0]LogMemory: Memory total: Physical=7.9GB (8GB approx)
[2018.04.14-13.49.18:386][  0]LogMemory: Platform Memory Stats for Windows
[2018.04.14-13.49.18:386][  0]LogMemory: Process Physical Memory: 276.47 MB used, 276.47 MB peak
[2018.04.14-13.49.18:386][  0]LogMemory: Process Virtual Memory: 263.87 MB used, 263.87 MB peak
[2018.04.14-13.49.18:386][  0]LogMemory: Physical Memory: 5229.24 MB used,  2888.04 MB free, 8117.27 MB total
[2018.04.14-13.49.18:386][  0]LogMemory: Virtual Memory: 683.77 MB used,  2888.04 MB free, 134217728.00 MB total
[2018.04.14-13.49.18:429][  0]LogInit: Using OS detected language (en-US).
[2018.04.14-13.49.18:429][  0]LogInit: Using OS detected locale (en-US).
[2018.04.14-13.49.18:429][  0]LogTextLocalizationManager: No localization for 'en-US' exists, so 'en' will be used for the language.
[2018.04.14-13.49.18:429][  0]LogTextLocalizationManager: No localization for 'en-US' exists, so 'en' will be used for the locale.
[2018.04.14-13.49.19:130][  0]LogStreaming: Display: Took  0.701s to EndInitTextLocalization.
[2018.04.14-13.49.19:165][  0]LogSlate: New Slate User Created.  User Index 0, Is Virtual User: 0
[2018.04.14-13.49.19:165][  0]LogSlate: Slate User Registered.  User Index 0, Is Virtual User: 0
[2018.04.14-13.49.19:206][  0]LogD3D11RHI: D3D11 adapters:
[2018.04.14-13.49.19:292][  0]LogD3D11RHI:    0. 'NVIDIA GeForce GTX 965M' (Feature Level 11_0)
[2018.04.14-13.49.19:292][  0]LogD3D11RHI:       2010/0/4058 MB DedicatedVideo/DedicatedSystem/SharedSystem, Outputs:1, VendorId:0x10de
[2018.04.14-13.49.19:304][  0]LogD3D11RHI:    1. 'Intel(R) HD Graphics 520' (Feature Level 11_0)
[2018.04.14-13.49.19:304][  0]LogD3D11RHI:       128/0/4058 MB DedicatedVideo/DedicatedSystem/SharedSystem, Outputs:0, VendorId:0x8086
[2018.04.14-13.49.19:307][  0]LogD3D11RHI:    2. 'Microsoft Basic Render Driver' (Feature Level 11_0)
[2018.04.14-13.49.19:307][  0]LogD3D11RHI:       0/0/4058 MB DedicatedVideo/DedicatedSystem/SharedSystem, Outputs:0, VendorId:0x1414
[2018.04.14-13.49.19:307][  0]LogD3D11RHI: Chosen D3D11 Adapter: 0
[2018.04.14-13.49.19:318][  0]LogD3D11RHI: Creating new Direct3DDevice
[2018.04.14-13.49.19:318][  0]LogD3D11RHI:     GPU DeviceId: 0x1427 (for the marketing name, search the web for "GPU Device Id")
[2018.04.14-13.49.19:318][  0]LogWindows: EnumDisplayDevices:
[2018.04.14-13.49.19:319][  0]LogWindows:    0. 'Intel(R) HD Graphics 520' (P:1 D:1)
[2018.04.14-13.49.19:319][  0]LogWindows:    1. 'Intel(R) HD Graphics 520' (P:0 D:0)
[2018.04.14-13.49.19:319][  0]LogWindows:    2. 'Intel(R) HD Graphics 520' (P:0 D:0)
[2018.04.14-13.49.19:319][  0]LogWindows: DebugString: GetVideoDriverDetailsInvalid PrimaryIsNotTheChoosenAdapter GetVideoDriverDetailsInvalid PrimaryIsNotTheChoosenAdapter GetVideoDriverDetailsInvalid PrimaryIsNotTheChoosenAdapter FoundDriverCount:0 
[2018.04.14-13.49.19:320][  0]LogD3D11RHI:     Adapter Name: NVIDIA GeForce GTX 965M
[2018.04.14-13.49.19:320][  0]LogD3D11RHI:   Driver Version: Unknown (internal:Unknown, unified:Unknown)
[2018.04.14-13.49.19:320][  0]LogD3D11RHI:      Driver Date: Unknown
[2018.04.14-13.49.19:320][  0]LogRHI: Texture pool is 1407 MB (70% of 2010 MB)
[2018.04.14-13.49.19:376][  0]LogD3D11RHI: [Aftermath] Aftermath enabled and primed
[2018.04.14-13.49.19:376][  0]LogD3D11RHI: [Aftermath] Aftermath enabled and primed
[2018.04.14-13.49.19:376][  0]LogD3D11RHI: Async texture creation enabled
[2018.04.14-13.49.19:400][  0]LogD3D11RHI: GPU Timing Frequency: 1000.000000 (Debug: 2 2)
[2018.04.14-13.49.19:405][  0]LogShaderCompilers: Guid format shader working directory is -23 characters bigger than the processId version (../../../../../../Users/JonathanChouinard/Documents/Unreal Projects/MojamTruthFPS/Intermediate/Shaders/WorkingDirectory/7776/).
[2018.04.14-13.49.19:405][  0]LogShaderCompilers: Cleaned the shader compiler working directory 'C:/Users/JonathanChouinard/AppData/Local/Temp/UnrealShaderWorkingDir/9974ADA84894F29E6694179C2F918312/'.
[2018.04.14-13.49.19:736][  0]LogTemp: Display: Loaded TP WindowsClientTargetPlatform
[2018.04.14-13.49.19:754][  0]LogTemp: Display: Loaded TP WindowsNoEditorTargetPlatform
[2018.04.14-13.49.19:770][  0]LogTemp: Display: Loaded TP WindowsServerTargetPlatform
[2018.04.14-13.49.19:787][  0]LogTemp: Display: Loaded TP WindowsTargetPlatform
[2018.04.14-13.49.19:787][  0]LogTargetPlatformManager: Display: Building Assets For Windows
[2018.04.14-13.49.19:919][  0]LogXGEController: Cannot use XGE Controller as Incredibuild is not installed on this machine.
[2018.04.14-13.49.19:919][  0]LogShaderCompilers: Cannot use XGE Shader Compiler as Incredibuild is not installed on this machine.
[2018.04.14-13.49.19:919][  0]LogShaderCompilers: Display: Using Local Shader Compiler.
[2018.04.14-13.49.20:712][  0]LogDerivedDataCache: Display: Max Cache Size: 512 MB
[2018.04.14-13.49.20:820][  0]LogDerivedDataCache: Loaded boot cache 0.11s 88MB C:/Users/JonathanChouinard/AppData/Local/UnrealEngine/4.19/DerivedDataCache/Boot.ddc.
[2018.04.14-13.49.20:820][  0]LogDerivedDataCache: Display: Loaded Boot cache: C:/Users/JonathanChouinard/AppData/Local/UnrealEngine/4.19/DerivedDataCache/Boot.ddc
[2018.04.14-13.49.20:820][  0]LogDerivedDataCache: FDerivedDataBackendGraph:  Pak pak cache file ../../../../../../Users/JonathanChouinard/Documents/Unreal Projects/MojamTruthFPS/DerivedDataCache/DDC.ddp not found, will not use a pak cache.
[2018.04.14-13.49.20:820][  0]LogDerivedDataCache: Unable to find inner node Pak for hierarchical cache Hierarchy.
[2018.04.14-13.49.20:820][  0]LogDerivedDataCache: FDerivedDataBackendGraph:  CompressedPak pak cache file ../../../../../../Users/JonathanChouinard/Documents/Unreal Projects/MojamTruthFPS/DerivedDataCache/Compressed.ddp not found, will not use a pak cache.
[2018.04.14-13.49.20:820][  0]LogDerivedDataCache: Unable to find inner node CompressedPak for hierarchical cache Hierarchy.
[2018.04.14-13.49.20:838][  0]LogDerivedDataCache: Display: Pak cache opened for reading ../../../Engine/DerivedDataCache/Compressed.ddp.
[2018.04.14-13.49.20:853][  0]LogDerivedDataCache: Using Local data cache path C:/Users/JonathanChouinard/AppData/Local/UnrealEngine/Common/DerivedDataCache: Writable
[2018.04.14-13.49.20:867][  0]LogMaterial: Verifying Global Shaders for PCD3D_SM5
[2018.04.14-13.49.20:869][  0]LogSlate: Using Freetype 2.6.0
[2018.04.14-13.49.20:870][  0]LogSlate: SlateFontCache - WITH_FREETYPE: 1, WITH_HARFBUZZ: 1
[2018.04.14-13.49.20:870][  0]LogSlate: SlateFontCache - WITH_FREETYPE: 1, WITH_HARFBUZZ: 1
[2018.04.14-13.49.20:992][  0]LogAssetRegistry: FAssetRegistry took 0.0053 seconds to start up
[2018.04.14-13.49.21:258][  0]LogPackageLocalizationCache: Processed 9 localized package path(s) for 1 prioritized culture(s) in 0.013926 seconds
[2018.04.14-13.49.21:372][  0]LogInit: Selected Device Profile: [Windows]
[2018.04.14-13.49.21:546][  0]LogSimplygon: Simplygon DLL not present - disabling.
[2018.04.14-13.49.21:549][  0]LogMeshReduction: Using SimplygonSwarm for distributed automatic mesh merging
[2018.04.14-13.49.21:549][  0]LogMeshReduction: Using QuadricMeshReduction for automatic static mesh reduction
[2018.04.14-13.49.21:549][  0]LogMeshReduction: No automatic skeletal mesh reduction module available
[2018.04.14-13.49.21:549][  0]LogMeshReduction: No automatic mesh merging module available
[2018.04.14-13.49.21:549][  0]LogMeshMerging: No automatic mesh merging module available
[2018.04.14-13.49.21:583][  0]LogNetVersion: MojamTruthFPS , NetCL: 3944462, EngineNetVer: 2, GameNetVer: 0 (Checksum: 3850477144)
[2018.04.14-13.49.22:422][  0]LogMoviePlayer: Initializing movie player
[2018.04.14-13.49.22:497][  0]LogWindowsTextInputMethodSystem: Display: IME system now deactivated.
[2018.04.14-13.49.22:497][  0]LogWindowsTextInputMethodSystem: Display: IME system now deactivated.
[2018.04.14-13.49.22:844][  0]LogTcpMessaging: Initializing TcpMessaging bridge
[2018.04.14-13.49.22:880][  0]LogUdpMessaging: Initializing bridge on interface 0.0.0.0:0 to multicast group 230.0.0.1:6666.
[2018.04.14-13.49.23:146][  0]SourceControl: Source control is disabled
[2018.04.14-13.49.23:147][  0]SourceControl: Source control is disabled
[2018.04.14-13.49.23:165][  0]SourceControl: Source control is disabled
[2018.04.14-13.49.23:551][  0]LogAndroidPermission: UAndroidPermissionCallbackProxy::GetInstance
[2018.04.14-13.49.23:730][  0]LogOcInput: OculusInput pre-init called
[2018.04.14-13.49.23:774][  0]LogUObjectArray: 40124 objects as part of root set at end of initial load.
[2018.04.14-13.49.23:774][  0]LogUObjectAllocator: 8364200 out of 0 bytes used by permanent object pool.
[2018.04.14-13.49.23:774][  0]LogUObjectArray: CloseDisregardForGC: 0/0 objects in disregard for GC pool
[2018.04.14-13.49.23:836][  0]LogEngine: Initializing Engine...
[2018.04.14-13.49.23:838][  0]LogHMD: Failed to initialize OpenVR with code 110
[2018.04.14-13.49.23:852][  0]LogStats: UGameplayTagsManager::ConstructGameplayTagTree: Construct from data asset -  0.000 s
[2018.04.14-13.49.23:852][  0]LogStats: UGameplayTagsManager::ConstructGameplayTagTree: GameplayTagTreeChangedEvent.Broadcast -  0.000 s
[2018.04.14-13.49.24:083][  0]LogInit: XAudio2 using 'Headphones (Realtek High Definition Audio(SST))' : 2 channels at 48 kHz using 32 bits per sample (channel mask 0x3)
[2018.04.14-13.49.24:112][  0]LogInit: FAudioDevice initialized.
[2018.04.14-13.49.24:142][  0]LogInit: Texture streaming: Enabled
[2018.04.14-13.49.24:310][  0]LogInit: Display: Game Engine Initialized.
[2018.04.14-13.49.24:310][  0]LogGameplayTags: Display: UGameplayTagsManager::DoneAddingNativeTags. DelegateIsBound: 0
[2018.04.14-13.49.24:310][  0]LogStats: UGameplayTagsManager::ConstructGameplayTagTree: Construct from data asset -  0.000 s
[2018.04.14-13.49.24:310][  0]LogStats: UGameplayTagsManager::ConstructGameplayTagTree: GameplayTagTreeChangedEvent.Broadcast -  0.000 s
[2018.04.14-13.49.24:415][  0]LogInit: Display: Starting Game.
[2018.04.14-13.49.24:416][  0]LogNet: Browse: /Game/FirstPersonBP/Maps/FirstPersonExampleMap?Name=Player
[2018.04.14-13.49.24:417][  0]LogLoad: LoadMap: /Game/FirstPersonBP/Maps/FirstPersonExampleMap?Name=Player
[2018.04.14-13.49.24:694][  0]LogSkeletalMesh: Skeletal Mesh found in DDC [4.765541ms] /Game/Mojam/Character/Vampire/Character/SK_MisterVampire.SK_MisterVampire
[2018.04.14-13.49.24:739][  0]LogAIModule: Creating AISystem for world FirstPersonExampleMap
[2018.04.14-13.49.24:739][  0]LogLoad: Game class is 'FirstPersonGameMode_C'
[2018.04.14-13.49.24:743][  0]LogSkeletalMesh: USkeletalMeshComponent::InitArticulated : Could not find root physics body: '/Game/FirstPersonBP/Maps/FirstPersonExampleMap.FirstPersonExampleMap:PersistentLevel.BP_VampireBody_92.CharacterMesh0'
[2018.04.14-13.49.24:744][  0]LogSkeletalMesh: USkeletalMeshComponent::InitArticulated : Could not find root physics body: '/Game/FirstPersonBP/Maps/FirstPersonExampleMap.FirstPersonExampleMap:PersistentLevel.BP_MansionBoss_33.CharacterMesh0'
[2018.04.14-13.49.24:749][  0]LogWorld: Bringing World /Game/FirstPersonBP/Maps/FirstPersonExampleMap.FirstPersonExampleMap up for play (max tick rate 0) at 2018.04.14-09.49.24
[2018.04.14-13.49.24:751][  0]LogWorld: Bringing up level for play took: 0.011032
[2018.04.14-13.49.24:752][  0]LogGameMode: FindPlayerStart: PATHS NOT DEFINED or NO PLAYERSTART with positive rating
[2018.04.14-13.49.24:756][  0]LogLoad: Took 0.338874 seconds to LoadMap(/Game/FirstPersonBP/Maps/FirstPersonExampleMap)
[2018.04.14-13.49.24:829][  0]LogLoad: (Engine Initialization) Total time: 9.70 seconds
[2018.04.14-13.49.24:829][  0]LogLoad: (Engine Initialization) Total Blueprint compile time: 0.00 seconds
[2018.04.14-13.49.24:864][  0]LogRenderer: Reallocating scene render targets to support 1280x720 Format 10 NumSamples 1 (Frame:1).
[2018.04.14-13.49.24:956][  0]LogContentStreaming: Texture pool size now 1000 MB
[2018.04.14-13.49.25:111][  3]LogBlueprintUserMessages: [FirstPersonCharacter_C_1] move
[2018.04.14-13.49.25:680][ 37]LogBlueprintUserMessages: [FirstPersonCharacter_C_1] completed
[2018.04.14-13.49.26:519][ 89]LogBlueprintUserMessages: [FirstPersonCharacter_C_1] move
[2018.04.14-13.49.26:633][ 96]LogBlueprintUserMessages: [FirstPersonCharacter_C_1] move
[2018.04.14-13.49.26:763][104]LogBlueprintUserMessages: [FirstPersonCharacter_C_1] move
[2018.04.14-13.49.27:376][142]LogBlueprintUserMessages: [FirstPersonCharacter_C_1] completed
[2018.04.14-13.49.27:715][163]LogBlueprintUserMessages: [FirstPersonCharacter_C_1] move
[2018.04.14-13.49.27:960][178]LogBlueprintUserMessages: [FirstPersonCharacter_C_1] move
[2018.04.14-13.49.28:086][186]LogBlueprintUserMessages: [FirstPersonCharacter_C_1] move
[2018.04.14-13.49.28:554][215]LogBlueprintUserMessages: [FirstPersonCharacter_C_1] move
[2018.04.14-13.49.29:166][253]LogBlueprintUserMessages: [FirstPersonCharacter_C_1] completed
[2018.04.14-13.49.36:232][691]LogBlueprintUserMessages: [FirstPersonCharacter_C_1] move
[2018.04.14-13.49.36:829][728]LogBlueprintUserMessages: [FirstPersonCharacter_C_1] completed
[2018.04.14-13.49.36:845][729]LogBlueprintUserMessages: [FirstPersonCharacter_C_1] move
[2018.04.14-13.49.37:313][758]LogBlueprintUserMessages: [FirstPersonCharacter_C_1] move
[2018.04.14-13.49.37:442][766]LogBlueprintUserMessages: [FirstPersonCharacter_C_1] move
[2018.04.14-13.49.37:555][773]LogBlueprintUserMessages: [FirstPersonCharacter_C_1] move
[2018.04.14-13.49.37:797][788]LogBlueprintUserMessages: [FirstPersonCharacter_C_1] move
[2018.04.14-13.49.38:410][826]LogBlueprintUserMessages: [FirstPersonCharacter_C_1] completed
[2018.04.14-13.49.39:716][907]LogBlueprintUserMessages: [FirstPersonCharacter_C_1] move
[2018.04.14-13.49.39:847][915]LogBlueprintUserMessages: [FirstPersonCharacter_C_1] move
[2018.04.14-13.49.39:959][922]LogBlueprintUserMessages: [FirstPersonCharacter_C_1] move
[2018.04.14-13.49.40:571][960]LogBlueprintUserMessages: [FirstPersonCharacter_C_1] completed
[2018.04.14-13.49.41:523][ 19]LogBlueprintUserMessages: [FirstPersonCharacter_C_1] move
[2018.04.14-13.49.41:766][ 34]LogBlueprintUserMessages: [FirstPersonCharacter_C_1] move
[2018.04.14-13.49.42:362][ 71]LogBlueprintUserMessages: [FirstPersonCharacter_C_1] move
[2018.04.14-13.49.42:717][ 93]LogBlueprintUserMessages: [FirstPersonCharacter_C_1] move
[2018.04.14-13.49.42:846][101]LogBlueprintUserMessages: [FirstPersonCharacter_C_1] move
[2018.04.14-13.49.43:201][123]LogBlueprintUserMessages: [FirstPersonCharacter_C_1] move
[2018.04.14-13.49.43:313][130]LogBlueprintUserMessages: [FirstPersonCharacter_C_1] move
[2018.04.14-13.49.43:445][138]LogBlueprintUserMessages: [FirstPersonCharacter_C_1] move
[2018.04.14-13.49.44:056][176]LogBlueprintUserMessages: [FirstPersonCharacter_C_1] completed
[2018.04.14-13.49.44:394][197]LogBlueprintUserMessages: [FirstPersonCharacter_C_1] move
[2018.04.14-13.49.44:525][205]LogBlueprintUserMessages: [FirstPersonCharacter_C_1] move
[2018.04.14-13.49.44:765][220]LogBlueprintUserMessages: [FirstPersonCharacter_C_1] move
[2018.04.14-13.49.44:878][227]LogBlueprintUserMessages: [FirstPersonCharacter_C_1] move
[2018.04.14-13.49.45:477][264]LogBlueprintUserMessages: [FirstPersonCharacter_C_1] move
[2018.04.14-13.49.45:717][279]LogBlueprintUserMessages: [FirstPersonCharacter_C_1] move
[2018.04.14-13.49.46:072][301]LogBlueprintUserMessages: [FirstPersonCharacter_C_1] move
[2018.04.14-13.49.46:685][339]LogBlueprintUserMessages: [FirstPersonCharacter_C_1] completed
[2018.04.14-13.49.49:314][502]LogBlueprintUserMessages: [FirstPersonCharacter_C_1] move
[2018.04.14-13.49.49:912][539]LogBlueprintUserMessages: [FirstPersonCharacter_C_1] completed
[2018.04.14-13.49.51:718][651]LogBlueprintUserMessages: [FirstPersonCharacter_C_1] move
[2018.04.14-13.49.52:072][673]LogBlueprintUserMessages: [FirstPersonCharacter_C_1] move
[2018.04.14-13.49.52:445][696]LogBlueprintUserMessages: [FirstPersonCharacter_C_1] move
[2018.04.14-13.49.53:057][734]LogBlueprintUserMessages: [FirstPersonCharacter_C_1] completed
[2018.04.14-13.49.53:396][755]LogBlueprintUserMessages: [FirstPersonCharacter_C_1] move
[2018.04.14-13.49.53:880][785]LogBlueprintUserMessages: [FirstPersonCharacter_C_1] move
[2018.04.14-13.49.53:992][792]LogBlueprintUserMessages: [FirstPersonCharacter_C_1] move
[2018.04.14-13.49.54:605][830]LogBlueprintUserMessages: [FirstPersonCharacter_C_1] completed
[2018.04.14-13.49.55:670][896]LogBlueprintUserMessages: [FirstPersonCharacter_C_1] move
[2018.04.14-13.49.56:266][933]LogBlueprintUserMessages: [FirstPersonCharacter_C_1] completed
[2018.04.14-13.49.56:282][934]LogBlueprintUserMessages: [FirstPersonCharacter_C_1] move
[2018.04.14-13.49.56:525][949]LogBlueprintUserMessages: [FirstPersonCharacter_C_1] move
[2018.04.14-13.49.56:880][971]LogBlueprintUserMessages: [FirstPersonCharacter_C_1] move
[2018.04.14-13.49.57:122][986]LogBlueprintUserMessages: [FirstPersonCharacter_C_1] move
[2018.04.14-13.49.57:364][  1]LogBlueprintUserMessages: [FirstPersonCharacter_C_1] move
[2018.04.14-13.49.57:605][ 16]LogBlueprintUserMessages: [FirstPersonCharacter_C_1] move
[2018.04.14-13.49.57:961][ 38]LogBlueprintUserMessages: [FirstPersonCharacter_C_1] move
[2018.04.14-13.49.58:574][ 76]LogBlueprintUserMessages: [FirstPersonCharacter_C_1] completed
[2018.04.14-13.49.59:397][127]LogBlueprintUserMessages: [FirstPersonCharacter_C_1] move
[2018.04.14-13.49.59:993][164]LogBlueprintUserMessages: [FirstPersonCharacter_C_1] completed
[2018.04.14-13.50.00:122][172]LogBlueprintUserMessages: [FirstPersonCharacter_C_1] move
[2018.04.14-13.50.00:235][179]LogBlueprintUserMessages: [FirstPersonCharacter_C_1] move
[2018.04.14-13.50.00:833][216]LogBlueprintUserMessages: [FirstPersonCharacter_C_1] move
[2018.04.14-13.50.00:961][224]LogBlueprintUserMessages: [FirstPersonCharacter_C_1] move
[2018.04.14-13.50.01:074][231]LogBlueprintUserMessages: [FirstPersonCharacter_C_1] move
[2018.04.14-13.50.01:203][239]LogBlueprintUserMessages: [FirstPersonCharacter_C_1] move
[2018.04.14-13.50.01:816][277]LogBlueprintUserMessages: [FirstPersonCharacter_C_1] completed
[2018.04.14-13.50.08:329][680]LogScript: Warning: Attempted to access ParticleSystem via property ParticleSystem, but ParticleSystem is pending kill
	BP_VampireBody_C /Game/FirstPersonBP/Maps/FirstPersonExampleMap.FirstPersonExampleMap:PersistentLevel.BP_VampireBody_92
	Function /Game/Mojam/Gameplay/BP_VampireBody.BP_VampireBody_C:ExecuteUbergraph_BP_VampireBody:0051
[2018.04.14-13.50.08:330][680]LogScript: Warning: Script call stack:
	Function /Game/FirstPersonBP/Blueprints/Mojam_PlayerCharacter.Mojam_PlayerCharacter_C:InpActEvt_Fire_K2Node_InputActionEvent_0
	Function /Game/FirstPersonBP/Blueprints/Mojam_PlayerCharacter.Mojam_PlayerCharacter_C:ExecuteUbergraph_Mojam_PlayerCharacter
	Function /Game/Mojam/Gameplay/BP_VampireBody.BP_VampireBody_C:Interact
	Function /Game/Mojam/Gameplay/BP_VampireBody.BP_VampireBody_C:ExecuteUbergraph_BP_VampireBody

[2018.04.14-13.50.10:070][788]LogBlueprintUserMessages: [FirstPersonCharacter_C_1] move
[2018.04.14-13.50.10:667][825]LogBlueprintUserMessages: [FirstPersonCharacter_C_1] completed
[2018.04.14-13.50.11:813][896]LogScript: Warning: Attempted to access ParticleSystem via property ParticleSystem, but ParticleSystem is pending kill
	BP_VampireBody_C /Game/FirstPersonBP/Maps/FirstPersonExampleMap.FirstPersonExampleMap:PersistentLevel.BP_VampireBody_92
	Function /Game/Mojam/Gameplay/BP_VampireBody.BP_VampireBody_C:ExecuteUbergraph_BP_VampireBody:0024
[2018.04.14-13.50.11:813][896]LogScript: Warning: Script call stack:
	Function /Game/Mojam/Gameplay/BP_VampireBody.BP_VampireBody_C:ExecuteUbergraph_BP_VampireBody

[2018.04.14-13.50.12:361][930]LogBlueprintUserMessages: [FirstPersonCharacter_C_1] move
[2018.04.14-13.50.12:474][937]LogBlueprintUserMessages: [FirstPersonCharacter_C_1] move
[2018.04.14-13.50.12:845][960]LogBlueprintUserMessages: [FirstPersonCharacter_C_1] move
[2018.04.14-13.50.12:957][967]LogBlueprintUserMessages: [FirstPersonCharacter_C_1] move
[2018.04.14-13.50.13:570][  5]LogBlueprintUserMessages: [FirstPersonCharacter_C_1] completed
[2018.04.14-13.50.21:603][503]LogBlueprintUserMessages: [FirstPersonCharacter_C_1] You selected Yes
[2018.04.14-13.50.22:442][555]LogBlueprintUserMessages: [FirstPersonCharacter_C_1] You selected No
[2018.04.14-13.50.22:636][567]LogBlueprintUserMessages: [FirstPersonCharacter_C_1] You selected Yes
[2018.04.14-13.50.22:894][583]LogBlueprintUserMessages: [FirstPersonCharacter_C_1] You selected No
[2018.04.14-13.50.23:525][622]LogBlueprintUserMessages: [FirstPersonCharacter_C_1] move
[2018.04.14-13.50.23:765][637]LogBlueprintUserMessages: [FirstPersonCharacter_C_1] move
[2018.04.14-13.50.24:363][674]LogBlueprintUserMessages: [FirstPersonCharacter_C_1] move
[2018.04.14-13.50.24:476][681]LogBlueprintUserMessages: [FirstPersonCharacter_C_1] move
[2018.04.14-13.50.25:088][719]LogBlueprintUserMessages: [FirstPersonCharacter_C_1] completed
[2018.04.14-13.50.25:911][770]LogScript: Warning: Attempted to access ParticleSystem via property ParticleSystem, but ParticleSystem is pending kill
	BP_VampireBody_C /Game/FirstPersonBP/Maps/FirstPersonExampleMap.FirstPersonExampleMap:PersistentLevel.BP_VampireBody_92
	Function /Game/Mojam/Gameplay/BP_VampireBody.BP_VampireBody_C:ExecuteUbergraph_BP_VampireBody:0051
[2018.04.14-13.50.25:911][770]LogScript: Warning: Script call stack:
	Function /Game/FirstPersonBP/Blueprints/Mojam_PlayerCharacter.Mojam_PlayerCharacter_C:InpActEvt_Fire_K2Node_InputActionEvent_0
	Function /Game/FirstPersonBP/Blueprints/Mojam_PlayerCharacter.Mojam_PlayerCharacter_C:ExecuteUbergraph_Mojam_PlayerCharacter
	Function /Game/Mojam/Gameplay/BP_VampireBody.BP_VampireBody_C:Interact
	Function /Game/Mojam/Gameplay/BP_VampireBody.BP_VampireBody_C:ExecuteUbergraph_BP_VampireBody

[2018.04.14-13.50.25:912][770]LogBlueprintUserMessages: [FirstPersonCharacter_C_1] move
[2018.04.14-13.50.26:073][780]LogScript: Warning: Accessed None trying to read property ParticleSystem
	BP_VampireBody_C /Game/FirstPersonBP/Maps/FirstPersonExampleMap.FirstPersonExampleMap:PersistentLevel.BP_VampireBody_92
	Function /Game/Mojam/Gameplay/BP_VampireBody.BP_VampireBody_C:ExecuteUbergraph_BP_VampireBody:0051
[2018.04.14-13.50.26:073][780]LogScript: Warning: Script call stack:
	Function /Game/FirstPersonBP/Blueprints/Mojam_PlayerCharacter.Mojam_PlayerCharacter_C:InpActEvt_Fire_K2Node_InputActionEvent_0
	Function /Game/FirstPersonBP/Blueprints/Mojam_PlayerCharacter.Mojam_PlayerCharacter_C:ExecuteUbergraph_Mojam_PlayerCharacter
	Function /Game/Mojam/Gameplay/BP_VampireBody.BP_VampireBody_C:Interact
	Function /Game/Mojam/Gameplay/BP_VampireBody.BP_VampireBody_C:ExecuteUbergraph_BP_VampireBody

[2018.04.14-13.50.26:250][791]LogScript: Warning: Accessed None trying to read property ParticleSystem
	BP_VampireBody_C /Game/FirstPersonBP/Maps/FirstPersonExampleMap.FirstPersonExampleMap:PersistentLevel.BP_VampireBody_92
	Function /Game/Mojam/Gameplay/BP_VampireBody.BP_VampireBody_C:ExecuteUbergraph_BP_VampireBody:0051
[2018.04.14-13.50.26:250][791]LogScript: Warning: Script call stack:
	Function /Game/FirstPersonBP/Blueprints/Mojam_PlayerCharacter.Mojam_PlayerCharacter_C:InpActEvt_Fire_K2Node_InputActionEvent_0
	Function /Game/FirstPersonBP/Blueprints/Mojam_PlayerCharacter.Mojam_PlayerCharacter_C:ExecuteUbergraph_Mojam_PlayerCharacter
	Function /Game/Mojam/Gameplay/BP_VampireBody.BP_VampireBody_C:Interact
	Function /Game/Mojam/Gameplay/BP_VampireBody.BP_VampireBody_C:ExecuteUbergraph_BP_VampireBody

[2018.04.14-13.50.26:508][807]LogBlueprintUserMessages: [FirstPersonCharacter_C_1] completed
[2018.04.14-13.50.26:991][837]LogBlueprintUserMessages: [FirstPersonCharacter_C_1] move
[2018.04.14-13.50.27:234][852]LogBlueprintUserMessages: [FirstPersonCharacter_C_1] move
[2018.04.14-13.50.27:363][860]LogBlueprintUserMessages: [FirstPersonCharacter_C_1] move
[2018.04.14-13.50.27:831][889]LogBlueprintUserMessages: [FirstPersonCharacter_C_1] move
[2018.04.14-13.50.27:960][897]LogBlueprintUserMessages: [FirstPersonCharacter_C_1] move
[2018.04.14-13.50.28:557][934]LogBlueprintUserMessages: [FirstPersonCharacter_C_1] move
[2018.04.14-13.50.28:799][949]LogBlueprintUserMessages: [FirstPersonCharacter_C_1] move
[2018.04.14-13.50.29:396][986]LogScript: Warning: Accessed None trying to read property ParticleSystem
	BP_VampireBody_C /Game/FirstPersonBP/Maps/FirstPersonExampleMap.FirstPersonExampleMap:PersistentLevel.BP_VampireBody_92
	Function /Game/Mojam/Gameplay/BP_VampireBody.BP_VampireBody_C:ExecuteUbergraph_BP_VampireBody:0024
[2018.04.14-13.50.29:396][986]LogScript: Warning: Script call stack:
	Function /Game/Mojam/Gameplay/BP_VampireBody.BP_VampireBody_C:ExecuteUbergraph_BP_VampireBody

[2018.04.14-13.50.29:413][987]LogBlueprintUserMessages: [FirstPersonCharacter_C_1] completed
[2018.04.14-13.50.29:525][994]LogBlueprintUserMessages: [FirstPersonCharacter_C_1] move
[2018.04.14-13.50.30:121][ 31]LogBlueprintUserMessages: [FirstPersonCharacter_C_1] completed
[2018.04.14-13.50.30:605][ 61]LogBlueprintUserMessages: [FirstPersonCharacter_C_1] move
[2018.04.14-13.50.31:202][ 98]LogBlueprintUserMessages: [FirstPersonCharacter_C_1] completed
[2018.04.14-13.50.31:701][128]LogBlueprintUserMessages: [FirstPersonExampleMap_C_0] Success
[2018.04.14-13.50.33:125][217]LogBlueprintUserMessages: [FirstPersonCharacter_C_1] move
[2018.04.14-13.50.33:237][224]LogBlueprintUserMessages: [FirstPersonCharacter_C_1] move
[2018.04.14-13.50.33:351][231]LogBlueprintUserMessages: [FirstPersonCharacter_C_1] move
[2018.04.14-13.50.33:480][239]LogBlueprintUserMessages: [FirstPersonCharacter_C_1] move
[2018.04.14-13.50.33:835][261]LogBlueprintUserMessages: [FirstPersonCharacter_C_1] move
[2018.04.14-13.50.34:081][276]LogBlueprintUserMessages: [FirstPersonCharacter_C_1] move
[2018.04.14-13.50.34:690][314]LogBlueprintUserMessages: [FirstPersonCharacter_C_1] completed
[2018.04.14-13.50.34:916][328]LogBlueprintUserMessages: [FirstPersonCharacter_C_1] move
[2018.04.14-13.50.35:047][336]LogBlueprintUserMessages: [FirstPersonCharacter_C_1] move
[2018.04.14-13.50.35:160][343]LogBlueprintUserMessages: [FirstPersonCharacter_C_1] move
[2018.04.14-13.50.35:272][350]LogBlueprintUserMessages: [FirstPersonCharacter_C_1] move
[2018.04.14-13.50.35:642][373]LogBlueprintUserMessages: [FirstPersonCharacter_C_1] move
[2018.04.14-13.50.36:255][411]LogBlueprintUserMessages: [FirstPersonCharacter_C_1] completed
[2018.04.14-13.50.36:481][425]LogBlueprintUserMessages: [FirstPersonCharacter_C_1] move
[2018.04.14-13.50.36:836][447]LogBlueprintUserMessages: [FirstPersonCharacter_C_1] move
[2018.04.14-13.50.36:965][455]LogBlueprintUserMessages: [FirstPersonCharacter_C_1] move
[2018.04.14-13.50.37:144][466]LogBlueprintUserMessages: [FirstPersonExampleMap_C_0] Aborted
[2018.04.14-13.50.37:320][477]LogBlueprintUserMessages: [FirstPersonCharacter_C_1] move
[2018.04.14-13.50.37:675][499]LogBlueprintUserMessages: [FirstPersonCharacter_C_1] move
[2018.04.14-13.50.38:159][529]LogBlueprintUserMessages: [FirstPersonCharacter_C_1] move
[2018.04.14-13.50.38:643][559]LogBlueprintUserMessages: [FirstPersonCharacter_C_1] move
[2018.04.14-13.50.38:885][574]LogBlueprintUserMessages: [FirstPersonCharacter_C_1] move
[2018.04.14-13.50.39:352][603]LogBlueprintUserMessages: [FirstPersonCharacter_C_1] move
[2018.04.14-13.50.39:836][633]LogBlueprintUserMessages: [FirstPersonCharacter_C_1] move
[2018.04.14-13.50.40:192][655]LogBlueprintUserMessages: [FirstPersonCharacter_C_1] move
[2018.04.14-13.50.40:433][670]LogBlueprintUserMessages: [FirstPersonCharacter_C_1] Changing Room to Hallway
[2018.04.14-13.50.40:562][678]LogBlueprintUserMessages: [FirstPersonCharacter_C_1] move
[2018.04.14-13.50.41:031][707]LogBlueprintUserMessages: [FirstPersonCharacter_C_1] move
[2018.04.14-13.50.41:514][737]LogBlueprintUserMessages: [FirstPersonCharacter_C_1] move
[2018.04.14-13.50.41:885][760]LogBlueprintUserMessages: [FirstPersonCharacter_C_1] move
[2018.04.14-13.50.42:498][798]LogBlueprintUserMessages: [FirstPersonCharacter_C_1] completed
[2018.04.14-13.50.43:677][871]LogBlueprintUserMessages: [FirstPersonCharacter_C_1] move
[2018.04.14-13.50.43:805][879]LogBlueprintUserMessages: [FirstPersonCharacter_C_1] move
[2018.04.14-13.50.43:917][886]LogBlueprintUserMessages: [FirstPersonCharacter_C_1] move
[2018.04.14-13.50.44:030][893]LogBlueprintUserMessages: [FirstPersonCharacter_C_1] move
[2018.04.14-13.50.44:514][923]LogBlueprintUserMessages: [FirstPersonCharacter_C_1] move
[2018.04.14-13.50.44:644][931]LogBlueprintUserMessages: [FirstPersonCharacter_C_1] move
[2018.04.14-13.50.44:999][953]LogBlueprintUserMessages: [FirstPersonCharacter_C_1] move
[2018.04.14-13.50.45:241][968]LogBlueprintUserMessages: [FirstPersonCharacter_C_1] move
[2018.04.14-13.50.45:483][983]LogBlueprintUserMessages: [FirstPersonCharacter_C_1] move
[2018.04.14-13.50.45:725][998]LogBlueprintUserMessages: [FirstPersonCharacter_C_1] move
[2018.04.14-13.50.46:080][ 20]LogBlueprintUserMessages: [FirstPersonCharacter_C_1] move
[2018.04.14-13.50.46:193][ 27]LogBlueprintUserMessages: [FirstPersonCharacter_C_1] move
[2018.04.14-13.50.46:805][ 65]LogBlueprintUserMessages: [FirstPersonCharacter_C_1] completed
[2018.04.14-13.50.51:354][347]LogBlueprintUserMessages: [FirstPersonCharacter_C_1] move
[2018.04.14-13.50.51:951][384]LogBlueprintUserMessages: [FirstPersonCharacter_C_1] completed
[2018.04.14-13.51.05:639][232]LogBlueprintUserMessages: [FirstPersonCharacter_C_1] move
[2018.04.14-13.51.06:122][262]LogBlueprintUserMessages: [FirstPersonCharacter_C_1] move
[2018.04.14-13.51.06:236][269]LogBlueprintUserMessages: [FirstPersonCharacter_C_1] move
[2018.04.14-13.51.06:849][307]LogBlueprintUserMessages: [FirstPersonCharacter_C_1] completed
[2018.04.14-13.51.06:913][311]LogBlueprintUserMessages: [FirstPersonCharacter_C_1] Changing Room to Basement
[2018.04.14-13.51.18:480][ 28]LogBlueprintUserMessages: [FirstPersonCharacter_C_1] move
[2018.04.14-13.51.18:592][ 35]LogBlueprintUserMessages: [FirstPersonCharacter_C_1] move
[2018.04.14-13.51.19:205][ 73]LogBlueprintUserMessages: [FirstPersonCharacter_C_1] completed
[2018.04.14-13.51.19:205][ 73]LogBlueprintUserMessages: [FirstPersonCharacter_C_1] move
[2018.04.14-13.51.19:818][111]LogBlueprintUserMessages: [FirstPersonCharacter_C_1] completed
[2018.04.14-13.51.20:286][140]LogBlueprintUserMessages: [FirstPersonCharacter_C_1] move
[2018.04.14-13.51.20:883][177]LogBlueprintUserMessages: [FirstPersonCharacter_C_1] completed
[2018.04.14-13.51.27:601][593]LogBlueprintUserMessages: [FirstPersonCharacter_C_1] move
[2018.04.14-13.51.28:198][629]LogBlueprintUserMessages: [FirstPersonCharacter_C_1] completed
[2018.04.14-13.51.34:822][946]LogSlate: Window 'MojamTruthFPS (64-bit, PCD3D_SM5) ' being destroyed
[2018.04.14-13.51.34:823][946]LogWindowsTextInputMethodSystem: Display: IME system now deactivated.
[2018.04.14-13.51.34:823][946]LogWindowsTextInputMethodSystem: Display: IME system now deactivated.
[2018.04.14-13.51.34:829][947]LogEngine: All Windows Closed
[2018.04.14-13.51.34:829][947]LogWindows: FPlatformMisc::RequestExit(0)
[2018.04.14-13.51.34:897][948]LogSlate: Slate User Destroyed.  User Index 0, Is Virtual User: 0
[2018.04.14-13.51.34:897][948]LogExit: Preparing to exit.
[2018.04.14-13.51.34:897][948]LogMoviePlayer: Shutting down movie player
[2018.04.14-13.51.35:999][948]LogExit: Game engine shut down
[2018.04.14-13.51.36:094][948]LogExit: Object subsystem successfully closed.
[2018.04.14-13.51.36:116][948]LogShaderCompilers: Display: Shaders left to compile 0
[2018.04.14-13.51.36:122][948]LogD3D11RHI: Shutdown
[2018.04.14-13.51.36:122][948]LogD3D11RHI: CleanupD3DDevice
[2018.04.14-13.51.36:126][948]LogD3D11RHI: ~FD3D11DynamicRHI
[2018.04.14-13.51.36:143][948]LogModuleManager: Shutting down and abandoning module SequenceRecorderSections (332)
[2018.04.14-13.51.36:143][948]LogModuleManager: Shutting down and abandoning module SequenceRecorder (330)
[2018.04.14-13.51.36:143][948]LogModuleManager: Shutting down and abandoning module AutomationController (328)
[2018.04.14-13.51.36:143][948]LogModuleManager: Shutting down and abandoning module AutomationWorker (326)
[2018.04.14-13.51.36:143][948]LogModuleManager: Shutting down and abandoning module AIModule (324)
[2018.04.14-13.51.36:143][948]LogModuleManager: Shutting down and abandoning module GameplayDebugger (323)
[2018.04.14-13.51.36:145][948]LogModuleManager: Shutting down and abandoning module AITestSuite (321)
[2018.04.14-13.51.36:145][948]LogModuleManager: Shutting down and abandoning module WmfMediaFactory (318)
[2018.04.14-13.51.36:145][948]LogModuleManager: Shutting down and abandoning module OpenExrWrapper (316)
[2018.04.14-13.51.36:145][948]LogModuleManager: Shutting down and abandoning module ImgMediaFactory (314)
[2018.04.14-13.51.36:145][948]LogModuleManager: Shutting down and abandoning module AvfMediaFactory (312)
[2018.04.14-13.51.36:145][948]LogModuleManager: Shutting down and abandoning module CharacterAI (310)
[2018.04.14-13.51.36:145][948]LogModuleManager: Shutting down and abandoning module SessionServices (308)
[2018.04.14-13.51.36:145][948]LogModuleManager: Shutting down and abandoning module MovieSceneCapture (306)
[2018.04.14-13.51.36:145][948]LogModuleManager: Shutting down and abandoning module MovieSceneTracks (304)
[2018.04.14-13.51.36:145][948]LogModuleManager: Shutting down and abandoning module MovieScene (302)
[2018.04.14-13.51.36:145][948]LogModuleManager: Shutting down and abandoning module GeometryCache (300)
[2018.04.14-13.51.36:145][948]LogModuleManager: Shutting down and abandoning module GeometryCacheEd (299)
[2018.04.14-13.51.36:145][948]LogModuleManager: Shutting down and abandoning module StreamingPauseRendering (296)
[2018.04.14-13.51.36:145][948]LogModuleManager: Shutting down and abandoning module PortalServices (294)
[2018.04.14-13.51.36:145][948]LogModuleManager: Shutting down and abandoning module PortalRpc (292)
[2018.04.14-13.51.36:145][948]LogModuleManager: Shutting down and abandoning module MessagingRpc (290)
[2018.04.14-13.51.36:145][948]LogModuleManager: Shutting down and abandoning module ProfilerService (288)
[2018.04.14-13.51.36:320][948]LogModuleManager: Shutting down and abandoning module TaskGraph (286)
[2018.04.14-13.51.36:320][948]LogModuleManager: Shutting down and abandoning module SteamVRController (284)
[2018.04.14-13.51.36:320][948]LogModuleManager: Shutting down and abandoning module ProceduralMeshComponent (282)
[2018.04.14-13.51.36:320][948]LogModuleManager: Shutting down and abandoning module OculusInput (280)
[2018.04.14-13.51.36:320][948]LogModuleManager: Shutting down and abandoning module MobilePatchingUtils (278)
[2018.04.14-13.51.36:320][948]LogModuleManager: Shutting down and abandoning module CustomMeshComponent (276)
[2018.04.14-13.51.36:320][948]LogModuleManager: Shutting down and abandoning module CableComponent (274)
[2018.04.14-13.51.36:320][948]LogModuleManager: Shutting down and abandoning module AudioCapture (272)
[2018.04.14-13.51.36:320][948]LogModuleManager: Shutting down and abandoning module ArchVisCharacter (270)
[2018.04.14-13.51.36:320][948]LogModuleManager: Shutting down and abandoning module AndroidPermission (268)
[2018.04.14-13.51.36:320][948]LogModuleManager: Shutting down and abandoning module NUTUnrealEngine4 (264)
[2018.04.14-13.51.36:320][948]LogModuleManager: Shutting down and abandoning module NetcodeUnitTest (262)
[2018.04.14-13.51.36:320][948]LogModuleManager: Shutting down and abandoning module MediaCompositing (260)
[2018.04.14-13.51.36:320][948]LogModuleManager: Shutting down and abandoning module LinearTimecode (258)
[2018.04.14-13.51.36:320][948]LogModuleManager: Shutting down and abandoning module ImgMedia (256)
[2018.04.14-13.51.36:325][948]LogModuleManager: Shutting down and abandoning module HTML5Networking (254)
[2018.04.14-13.51.36:325][948]LogModuleManager: Shutting down and abandoning module DatasmithContent (252)
[2018.04.14-13.51.36:325][948]LogModuleManager: Shutting down and abandoning module CryptoKeysOpenSSL (250)
[2018.04.14-13.51.36:325][948]LogModuleManager: Shutting down and abandoning module CryptoKeys (248)
[2018.04.14-13.51.36:325][948]LogModuleManager: Shutting down and abandoning module VisualStudioSourceCodeAccess (246)
[2018.04.14-13.51.36:325][948]LogModuleManager: Shutting down and abandoning module HotReload (245)
[2018.04.14-13.51.36:326][948]LogModuleManager: Shutting down and abandoning module DirectoryWatcher (244)
[2018.04.14-13.51.36:326][948]LogModuleManager: Shutting down and abandoning module VisualStudioCodeSourceCodeAccess (240)
[2018.04.14-13.51.36:326][948]LogModuleManager: Shutting down and abandoning module UObjectPlugin (238)
[2018.04.14-13.51.36:326][948]LogModuleManager: Shutting down and abandoning module SubversionSourceControl (236)
[2018.04.14-13.51.36:326][948]LogModuleManager: Shutting down and abandoning module PerforceSourceControl (234)
[2018.04.14-13.51.36:326][948]LogModuleManager: Shutting down and abandoning module SourceControl (233)
[2018.04.14-13.51.36:326][948]LogModuleManager: Shutting down and abandoning module CLionSourceCodeAccess (230)
[2018.04.14-13.51.36:326][948]LogModuleManager: Shutting down and abandoning module RuntimePhysXCooking (228)
[2018.04.14-13.51.36:326][948]LogModuleManager: Shutting down and abandoning module PhysXVehiclesEditor (226)
[2018.04.14-13.51.36:326][948]LogModuleManager: Shutting down and abandoning module PhysXVehicles (224)
[2018.04.14-13.51.36:326][948]LogModuleManager: Shutting down and abandoning module LocationServicesBPLibrary (222)
[2018.04.14-13.51.36:326][948]LogModuleManager: Shutting down and abandoning module ImmediatePhysicsEditor (220)
[2018.04.14-13.51.36:326][948]LogModuleManager: Shutting down and abandoning module ImmediatePhysics (218)
[2018.04.14-13.51.36:326][948]LogModuleManager: Shutting down and abandoning module ActorSequence (216)
[2018.04.14-13.51.36:326][948]LogModuleManager: Shutting down and abandoning module UdpMessaging (214)
[2018.04.14-13.51.36:427][948]LogModuleManager: Shutting down and abandoning module TcpMessaging (212)
[2018.04.14-13.51.36:921][948]LogModuleManager: Shutting down and abandoning module GameplayTagsEditor (210)
[2018.04.14-13.51.36:921][948]LogModuleManager: Shutting down and abandoning module FacialAnimation (208)
[2018.04.14-13.51.36:921][948]LogModuleManager: Shutting down and abandoning module DataValidation (206)
[2018.04.14-13.51.36:921][948]LogModuleManager: Shutting down and abandoning module AssetManagerEditor (204)
[2018.04.14-13.51.36:922][948]LogModuleManager: Shutting down and abandoning module TreeMap (203)
[2018.04.14-13.51.36:922][948]LogModuleManager: Shutting down and abandoning module LightPropagationVolumeRuntime (200)
[2018.04.14-13.51.36:922][948]LogModuleManager: Shutting down and abandoning module LiveLink (198)
[2018.04.14-13.51.37:761][948]LogModuleManager: Shutting down and abandoning module Paper2D (196)
[2018.04.14-13.51.37:761][948]LogModuleManager: Shutting down and abandoning module PIEPreviewDeviceProfileSelector (194)
[2018.04.14-13.51.37:761][948]LogModuleManager: Shutting down and abandoning module WindowsMoviePlayer (192)
[2018.04.14-13.51.37:761][948]LogModuleManager: Shutting down and abandoning module WmfMedia (190)
[2018.04.14-13.51.37:764][948]LogModuleManager: Shutting down and abandoning module Media (189)
[2018.04.14-13.51.37:770][948]LogModuleManager: Shutting down and abandoning module PacketHandler (186)
[2018.04.14-13.51.37:770][948]LogModuleManager: Shutting down and abandoning module ClothingSystemEditor (184)
[2018.04.14-13.51.37:770][948]LogModuleManager: Shutting down and abandoning module ClothingSystemRuntime (182)
[2018.04.14-13.51.37:771][948]LogModuleManager: Shutting down and abandoning module MediaAssets (180)
[2018.04.14-13.51.37:771][948]LogModuleManager: Shutting down and abandoning module Overlay (178)
[2018.04.14-13.51.37:771][948]LogModuleManager: Shutting down and abandoning module OverlayEditor (177)
[2018.04.14-13.51.37:771][948]LogModuleManager: Shutting down and abandoning module VREditor (174)
[2018.04.14-13.51.37:771][948]LogModuleManager: Shutting down and abandoning module StringTableEditor (172)
[2018.04.14-13.51.37:771][948]LogModuleManager: Shutting down and abandoning module GameplayTasksEditor (170)
[2018.04.14-13.51.37:771][948]LogModuleManager: Shutting down and abandoning module BehaviorTreeEditor (168)
[2018.04.14-13.51.37:771][948]LogModuleManager: Shutting down and abandoning module FunctionalTesting (166)
[2018.04.14-13.51.37:771][948]LogModuleManager: Shutting down and abandoning module CollisionAnalyzer (164)
[2018.04.14-13.51.37:771][948]LogModuleManager: Shutting down and abandoning module WorkspaceMenuStructure (163)
[2018.04.14-13.51.37:771][948]LogModuleManager: Shutting down and abandoning module UMG (160)
[2018.04.14-13.51.37:771][948]LogModuleManager: Shutting down and abandoning module UMGEditor (159)
[2018.04.14-13.51.37:771][948]LogModuleManager: Shutting down and abandoning module Sequencer (158)
[2018.04.14-13.51.37:771][948]LogModuleManager: Shutting down and abandoning module MessageLog (155)
[2018.04.14-13.51.37:771][948]LogModuleManager: Shutting down and abandoning module SlateReflector (150)
[2018.04.14-13.51.37:771][948]LogModuleManager: Shutting down and abandoning module Slate (148)
[2018.04.14-13.51.37:771][948]LogModuleManager: Shutting down and abandoning module EditorStyle (146)
[2018.04.14-13.51.37:773][948]LogModuleManager: Shutting down and abandoning module MRMesh (144)
[2018.04.14-13.51.37:773][948]LogModuleManager: Shutting down and abandoning module Messaging (142)
[2018.04.14-13.51.37:773][948]LogModuleManager: Shutting down and abandoning module SourceCodeAccess (140)
[2018.04.14-13.51.37:773][948]LogModuleManager: Shutting down and abandoning module HeadMountedDisplay (138)
[2018.04.14-13.51.37:773][948]LogModuleManager: Shutting down and abandoning module XAudio2 (136)
[2018.04.14-13.51.37:773][948]LogModuleManager: Shutting down and abandoning module Networking (134)
[2018.04.14-13.51.37:773][948]LogModuleManager: Shutting down and abandoning module Core (132)
[2018.04.14-13.51.37:773][948]LogModuleManager: Shutting down and abandoning module LevelSequence (130)
[2018.04.14-13.51.37:773][948]LogModuleManager: Shutting down and abandoning module KismetCompiler (128)
[2018.04.14-13.51.37:773][948]LogModuleManager: Shutting down and abandoning module MeshUtilities (126)
[2018.04.14-13.51.37:773][948]LogModuleManager: Shutting down and abandoning module MeshMergeUtilities (125)
[2018.04.14-13.51.37:773][948]LogModuleManager: Shutting down and abandoning module MeshReductionInterface (124)
[2018.04.14-13.51.37:773][948]LogModuleManager: Shutting down and abandoning module SimplygonSwarm (123)
[2018.04.14-13.51.37:773][948]LogModuleManager: Shutting down and abandoning module SimplygonMeshReduction (121)
[2018.04.14-13.51.37:773][948]LogModuleManager: Shutting down and abandoning module QuadricMeshReduction (119)
[2018.04.14-13.51.37:773][948]LogModuleManager: Shutting down and abandoning module MaterialBaking (115)
[2018.04.14-13.51.37:773][948]LogModuleManager: Shutting down and abandoning module DerivedDataCache (110)
[2018.04.14-13.51.37:810][948]LogDerivedDataCache: Shutdown
[2018.04.14-13.51.37:811][948]LogModuleManager: Shutting down and abandoning module XGEController (108)
[2018.04.14-13.51.37:811][948]LogModuleManager: Shutting down and abandoning module TargetPlatform (106)
[2018.04.14-13.51.37:811][948]LogModuleManager: Shutting down and abandoning module VulkanShaderFormat (105)
[2018.04.14-13.51.37:811][948]LogModuleManager: Shutting down and abandoning module ShaderFormatVectorVM (103)
[2018.04.14-13.51.37:811][948]LogModuleManager: Shutting down and abandoning module ShaderFormatOpenGL (101)
[2018.04.14-13.51.37:811][948]LogModuleManager: Shutting down and abandoning module ShaderFormatD3D (99)
[2018.04.14-13.51.37:811][948]LogModuleManager: Shutting down and abandoning module MetalShaderFormat (97)
[2018.04.14-13.51.37:811][948]LogModuleManager: Shutting down and abandoning module TextureFormatUncompressed (95)
[2018.04.14-13.51.37:811][948]LogModuleManager: Shutting down and abandoning module TextureFormatPVR (93)
[2018.04.14-13.51.37:811][948]LogModuleManager: Shutting down and abandoning module TextureFormatDXT (91)
[2018.04.14-13.51.37:811][948]LogModuleManager: Shutting down and abandoning module TextureFormatIntelISPCTexComp (89)
[2018.04.14-13.51.37:811][948]LogModuleManager: Shutting down and abandoning module TextureFormatASTC (87)
[2018.04.14-13.51.37:811][948]LogModuleManager: Shutting down and abandoning module ImageWrapper (86)
[2018.04.14-13.51.37:811][948]LogModuleManager: Shutting down and abandoning module TextureFormatAndroid (83)
[2018.04.14-13.51.37:811][948]LogModuleManager: Shutting down and abandoning module AudioFormatOpus (81)
[2018.04.14-13.51.37:811][948]LogModuleManager: Shutting down and abandoning module AudioFormatOgg (79)
[2018.04.14-13.51.37:811][948]LogModuleManager: Shutting down and abandoning module AudioFormatADPCM (77)
[2018.04.14-13.51.37:811][948]LogModuleManager: Shutting down and abandoning module WindowsTargetPlatform (75)
[2018.04.14-13.51.37:811][948]LogModuleManager: Shutting down and abandoning module WindowsServerTargetPlatform (73)
[2018.04.14-13.51.37:811][948]LogModuleManager: Shutting down and abandoning module WindowsNoEditorTargetPlatform (71)
[2018.04.14-13.51.37:811][948]LogModuleManager: Shutting down and abandoning module WindowsClientTargetPlatform (69)
[2018.04.14-13.51.37:811][948]LogModuleManager: Shutting down and abandoning module InputCore (66)
[2018.04.14-13.51.37:811][948]LogModuleManager: Shutting down and abandoning module Settings (64)
[2018.04.14-13.51.37:811][948]LogModuleManager: Shutting down and abandoning module PhysXCooking (62)
[2018.04.14-13.51.37:811][948]LogModuleManager: Shutting down and abandoning module SteamVR (60)
[2018.04.14-13.51.37:811][948]LogModuleManager: Shutting down and abandoning module OculusHMD (58)
[2018.04.14-13.51.37:811][948]LogModuleManager: Shutting down and abandoning module ExampleDeviceProfileSelector (56)
[2018.04.14-13.51.37:811][948]LogModuleManager: Shutting down and abandoning module AppleARKit (54)
[2018.04.14-13.51.37:811][948]LogModuleManager: Shutting down and abandoning module AugmentedReality (51)
[2018.04.14-13.51.37:812][948]LogModuleManager: Shutting down and abandoning module OnlineBlueprintSupport (48)
[2018.04.14-13.51.37:812][948]LogModuleManager: Shutting down and abandoning module OnlineSubsystem (44)
[2018.04.14-13.51.37:812][948]LogModuleManager: Shutting down and abandoning module XMPP (43)
[2018.04.14-13.51.37:812][948]LogModuleManager: Shutting down and abandoning module HTTP (41)
[2018.04.14-13.51.37:831][948]LogModuleManager: Shutting down and abandoning module SSL (40)
[2018.04.14-13.51.37:832][948]LogModuleManager: Shutting down and abandoning module AnimationModifiers (36)
[2018.04.14-13.51.37:832][948]LogModuleManager: Shutting down and abandoning module PropertyEditor (35)
[2018.04.14-13.51.37:832][948]LogModuleManager: Shutting down and abandoning module AudioEditor (32)
[2018.04.14-13.51.37:833][948]LogModuleManager: Shutting down and abandoning module TextureCompressor (30)
[2018.04.14-13.51.37:833][948]LogModuleManager: Shutting down and abandoning module ShaderCore (28)
[2018.04.14-13.51.37:833][948]LogModuleManager: Shutting down and abandoning module Landscape (26)
[2018.04.14-13.51.37:833][948]LogModuleManager: Shutting down and abandoning module SlateRHIRenderer (24)
[2018.04.14-13.51.37:833][948]LogModuleManager: Shutting down and abandoning module OpenGLDrv (22)
[2018.04.14-13.51.37:833][948]LogModuleManager: Shutting down and abandoning module D3D11RHI (20)
[2018.04.14-13.51.37:833][948]LogModuleManager: Shutting down and abandoning module AnimGraphRuntime (18)
[2018.04.14-13.51.37:833][948]LogModuleManager: Shutting down and abandoning module Renderer (16)
[2018.04.14-13.51.37:833][948]LogModuleManager: Shutting down and abandoning module Engine (14)
[2018.04.14-13.51.37:833][948]LogModuleManager: Shutting down and abandoning module CoreUObject (12)
[2018.04.14-13.51.37:833][948]LogModuleManager: Shutting down and abandoning module NetworkFile (10)
[2018.04.14-13.51.37:833][948]LogModuleManager: Shutting down and abandoning module CookedIterativeFile (8)
[2018.04.14-13.51.37:833][948]LogModuleManager: Shutting down and abandoning module StreamingFile (6)
[2018.04.14-13.51.37:833][948]LogModuleManager: Shutting down and abandoning module SandboxFile (4)
[2018.04.14-13.51.37:833][948]LogModuleManager: Shutting down and abandoning module PakFile (2)
[2018.04.14-13.51.37:841][948]LogExit: Exiting.
[2018.04.14-13.51.37:843][948]Log file closed, 04/14/18 09:51:37
