Log file open, 04/14/18 12:16:17
LogWindows: Failed to load 'aqProf.dll' (GetLastError=126)
LogWindows: File 'aqProf.dll' does not exist
LogWindows: Failed to load 'VtuneApi.dll' (GetLastError=126)
LogWindows: File 'VtuneApi.dll' does not exist
LogWindows: Failed to load 'VtuneApi32e.dll' (GetLastError=126)
LogWindows: File 'VtuneApi32e.dll' does not exist
LogInit: Display: Running engine for game: MojamTruthFPS
LogPlatformFile: Not using cached read wrapper
LogInit: Display: RandInit(-1731797857) SRandInit(-1731797857).
LogInit: Read version file with build ID '3944462'
LogInit: Overriding engine version to CL 3989454, compatible CL 3944462
LogInit: Registered custom module enumerator with build ID '3944462'
LogTaskGraph: Started task graph with 5 named threads and 11 total threads with 3 sets of task threads.
LogStats: Stats thread started at 0.250907
LogD3D11RHI: Aftermath initialized
LogICUInternationalization: Display: ICU TimeZone Detection - Raw Offset: -5:00, Platform Override: ''
LogModuleManager: Display: Found up-to-date module file ../../../Engine/Plugins/2D/Paper2D/Binaries/Win64/UE4Editor-Paper2D.dll (API version 3944462).
LogModuleManager: Display: Found up-to-date module file ../../../Engine/Plugins/2D/Paper2D/Binaries/Win64/UE4Editor-Paper2DEditor.dll (API version 3944462).
LogModuleManager: Display: Found up-to-date module file ../../../Engine/Plugins/2D/Paper2D/Binaries/Win64/UE4Editor-PaperSpriteSheetImporter.dll (API version 3944462).
LogModuleManager: Display: Found up-to-date module file ../../../Engine/Plugins/2D/Paper2D/Binaries/Win64/UE4Editor-PaperTiledImporter.dll (API version 3944462).
LogModuleManager: Display: Found up-to-date module file ../../../Engine/Plugins/2D/Paper2D/Binaries/Win64/UE4Editor-SmartSnapping.dll (API version 3944462).
LogModuleManager: Display: Found up-to-date module file ../../../Engine/Plugins/Blendables/LightPropagationVolume/Binaries/Win64/UE4Editor-LightPropagationVolumeRuntime.dll (API version 3944462).
LogModuleManager: Display: Found up-to-date module file ../../../Engine/Plugins/Blendables/LightPropagationVolume/Binaries/Win64/UE4Editor-LightPropagationVolumeEditor.dll (API version 3944462).
LogModuleManager: Display: Found up-to-date module file ../../../Engine/Plugins/Developer/CLionSourceCodeAccess/Binaries/Win64/UE4Editor-CLionSourceCodeAccess.dll (API version 3944462).
LogModuleManager: Display: Found up-to-date module file ../../../Engine/Plugins/Developer/GitSourceControl/Binaries/Win64/UE4Editor-GitSourceControl.dll (API version 3944462).
LogModuleManager: Display: Found up-to-date module file ../../../Engine/Plugins/Developer/PerforceSourceControl/Binaries/Win64/UE4Editor-PerforceSourceControl.dll (API version 3944462).
LogModuleManager: Display: Found up-to-date module file ../../../Engine/Plugins/Developer/SubversionSourceControl/Binaries/Win64/UE4Editor-SubversionSourceControl.dll (API version 3944462).
LogModuleManager: Display: Found up-to-date module file ../../../Engine/Plugins/Developer/UObjectPlugin/Binaries/Win64/UE4Editor-UObjectPlugin.dll (API version 3944462).
LogModuleManager: Display: Found up-to-date module file ../../../Engine/Plugins/Developer/VisualStudioCodeSourceCodeAccess/Binaries/Win64/UE4Editor-VisualStudioCodeSourceCodeAccess.dll (API version 3944462).
LogModuleManager: Display: Found up-to-date module file ../../../Engine/Plugins/Developer/VisualStudioSourceCodeAccess/Binaries/Win64/UE4Editor-VisualStudioSourceCodeAccess.dll (API version 3944462).
LogModuleManager: Display: Found up-to-date module file ../../../Engine/Plugins/Editor/AssetManagerEditor/Binaries/Win64/UE4Editor-AssetManagerEditor.dll (API version 3944462).
LogModuleManager: Display: Found up-to-date module file ../../../Engine/Plugins/Editor/CryptoKeys/Binaries/Win64/UE4Editor-CryptoKeys.dll (API version 3944462).
LogModuleManager: Display: Found up-to-date module file ../../../Engine/Plugins/Editor/CryptoKeys/Binaries/Win64/UE4Editor-CryptoKeysOpenSSL.dll (API version 3944462).
LogModuleManager: Display: Found up-to-date module file ../../../Engine/Plugins/Editor/DataValidation/Binaries/Win64/UE4Editor-DataValidation.dll (API version 3944462).
LogModuleManager: Display: Found up-to-date module file ../../../Engine/Plugins/Editor/FacialAnimation/Binaries/Win64/UE4Editor-FacialAnimation.dll (API version 3944462).
LogModuleManager: Display: Found up-to-date module file ../../../Engine/Plugins/Editor/FacialAnimation/Binaries/Win64/UE4Editor-FacialAnimationEditor.dll (API version 3944462).
LogModuleManager: Display: Found up-to-date module file ../../../Engine/Plugins/Editor/GameplayTagsEditor/Binaries/Win64/UE4Editor-GameplayTagsEditor.dll (API version 3944462).
LogModuleManager: Display: Found up-to-date module file ../../../Engine/Plugins/Editor/MobileLauncherProfileWizard/Binaries/Win64/UE4Editor-MobileLauncherProfileWizard.dll (API version 3944462).
LogModuleManager: Display: Found up-to-date module file ../../../Engine/Plugins/Editor/PluginBrowser/Binaries/Win64/UE4Editor-PluginBrowser.dll (API version 3944462).
LogModuleManager: Display: Found up-to-date module file ../../../Engine/Plugins/Editor/SpeedTreeImporter/Binaries/Win64/UE4Editor-SpeedTreeImporter.dll (API version 3944462).
LogModuleManager: Display: Found up-to-date module file ../../../Engine/Plugins/Enterprise/DatasmithContent/Binaries/Win64/UE4Editor-DatasmithContent.dll (API version 3944462).
LogModuleManager: Display: Found up-to-date module file ../../../Engine/Plugins/Experimental/AlembicImporter/Binaries/Win64/UE4Editor-AlembicImporter.dll (API version 3944462).
LogModuleManager: Display: Found up-to-date module file ../../../Engine/Plugins/Experimental/AlembicImporter/Binaries/Win64/UE4Editor-AlembicLibrary.dll (API version 3944462).
LogModuleManager: Display: Found up-to-date module file ../../../Engine/Plugins/Experimental/CharacterAI/Binaries/Win64/UE4Editor-CharacterAI.dll (API version 3944462).
LogModuleManager: Display: Found up-to-date module file ../../../Engine/Plugins/Experimental/HTML5Networking/Binaries/Win64/UE4Editor-HTML5Networking.dll (API version 3944462).
LogModuleManager: Display: Found up-to-date module file ../../../Engine/Plugins/Media/AndroidMedia/Binaries/Win64/UE4Editor-AndroidMediaEditor.dll (API version 3944462).
LogModuleManager: Display: Found up-to-date module file ../../../Engine/Plugins/Media/AndroidMedia/Binaries/Win64/UE4Editor-AndroidMediaFactory.dll (API version 3944462).
LogModuleManager: Display: Found up-to-date module file ../../../Engine/Plugins/Media/AvfMedia/Binaries/Win64/UE4Editor-AvfMediaEditor.dll (API version 3944462).
LogModuleManager: Display: Found up-to-date module file ../../../Engine/Plugins/Media/AvfMedia/Binaries/Win64/UE4Editor-AvfMediaFactory.dll (API version 3944462).
LogModuleManager: Display: Found up-to-date module file ../../../Engine/Plugins/Media/AvfMedia/Binaries/Win64/UE4Editor-AvfMediaFactory.dll (API version 3944462).
LogModuleManager: Display: Found up-to-date module file ../../../Engine/Plugins/Media/ImgMedia/Binaries/Win64/UE4Editor-ImgMedia.dll (API version 3944462).
LogModuleManager: Display: Found up-to-date module file ../../../Engine/Plugins/Media/ImgMedia/Binaries/Win64/UE4Editor-ImgMediaEditor.dll (API version 3944462).
LogModuleManager: Display: Found up-to-date module file ../../../Engine/Plugins/Media/ImgMedia/Binaries/Win64/UE4Editor-ImgMediaFactory.dll (API version 3944462).
LogModuleManager: Display: Found up-to-date module file ../../../Engine/Plugins/Media/ImgMedia/Binaries/Win64/UE4Editor-ImgMediaFactory.dll (API version 3944462).
LogModuleManager: Display: Found up-to-date module file ../../../Engine/Plugins/Media/ImgMedia/Binaries/Win64/UE4Editor-OpenExrWrapper.dll (API version 3944462).
LogModuleManager: Display: Found up-to-date module file ../../../Engine/Plugins/Media/LinearTimecode/Binaries/Win64/UE4Editor-LinearTimecode.dll (API version 3944462).
LogModuleManager: Display: Found up-to-date module file ../../../Engine/Plugins/Media/MediaCompositing/Binaries/Win64/UE4Editor-MediaCompositing.dll (API version 3944462).
LogModuleManager: Display: Found up-to-date module file ../../../Engine/Plugins/Media/MediaCompositing/Binaries/Win64/UE4Editor-MediaCompositingEditor.dll (API version 3944462).
LogModuleManager: Display: Found up-to-date module file ../../../Engine/Plugins/Media/MediaPlayerEditor/Binaries/Win64/UE4Editor-MediaPlayerEditor.dll (API version 3944462).
LogModuleManager: Display: Found up-to-date module file ../../../Engine/Plugins/Media/WmfMedia/Binaries/Win64/UE4Editor-WmfMedia.dll (API version 3944462).
LogModuleManager: Display: Found up-to-date module file ../../../Engine/Plugins/Media/WmfMedia/Binaries/Win64/UE4Editor-WmfMediaEditor.dll (API version 3944462).
LogModuleManager: Display: Found up-to-date module file ../../../Engine/Plugins/Media/WmfMedia/Binaries/Win64/UE4Editor-WmfMediaFactory.dll (API version 3944462).
LogModuleManager: Display: Found up-to-date module file ../../../Engine/Plugins/Media/WmfMedia/Binaries/Win64/UE4Editor-WmfMediaFactory.dll (API version 3944462).
LogModuleManager: Display: Found up-to-date module file ../../../Engine/Plugins/Messaging/TcpMessaging/Binaries/Win64/UE4Editor-TcpMessaging.dll (API version 3944462).
LogModuleManager: Display: Found up-to-date module file ../../../Engine/Plugins/Messaging/UdpMessaging/Binaries/Win64/UE4Editor-UdpMessaging.dll (API version 3944462).
LogModuleManager: Display: Found up-to-date module file ../../../Engine/Plugins/MovieScene/ActorSequence/Binaries/Win64/UE4Editor-ActorSequence.dll (API version 3944462).
LogModuleManager: Display: Found up-to-date module file ../../../Engine/Plugins/MovieScene/LevelSequenceEditor/Binaries/Win64/UE4Editor-LevelSequenceEditor.dll (API version 3944462).
LogModuleManager: Display: Found up-to-date module file ../../../Engine/Plugins/MovieScene/MatineeToLevelSequence/Binaries/Win64/UE4Editor-MatineeToLevelSequence.dll (API version 3944462).
LogModuleManager: Display: Found up-to-date module file ../../../Engine/Plugins/NetcodeUnitTest/NetcodeUnitTest/Binaries/Win64/UE4Editor-NetcodeUnitTest.dll (API version 3944462).
LogModuleManager: Display: Found up-to-date module file ../../../Engine/Plugins/NetcodeUnitTest/NUTUnrealEngine4/Binaries/Win64/UE4Editor-NUTUnrealEngine4.dll (API version 3944462).
LogModuleManager: Display: Found up-to-date module file ../../../Engine/Plugins/Online/OnlineSubsystem/Binaries/Win64/UE4Editor-OnlineSubsystem.dll (API version 3944462).
LogModuleManager: Display: Found up-to-date module file ../../../Engine/Plugins/Runtime/AndroidPermission/Binaries/Win64/UE4Editor-AndroidPermission.dll (API version 3944462).
LogModuleManager: Display: Found up-to-date module file ../../../Engine/Plugins/Online/OnlineSubsystemNull/Binaries/Win64/UE4Editor-OnlineSubsystemNull.dll (API version 3944462).
LogModuleManager: Display: Found up-to-date module file ../../../Engine/Plugins/Online/OnlineSubsystemUtils/Binaries/Win64/UE4Editor-OnlineSubsystemUtils.dll (API version 3944462).
LogModuleManager: Display: Found up-to-date module file ../../../Engine/Plugins/Online/OnlineSubsystemUtils/Binaries/Win64/UE4Editor-OnlineBlueprintSupport.dll (API version 3944462).
LogModuleManager: Display: Found up-to-date module file ../../../Engine/Plugins/Runtime/AndroidDeviceProfileSelector/Binaries/Win64/UE4Editor-AndroidDeviceProfileSelector.dll (API version 3944462).
LogModuleManager: Display: Found up-to-date module file ../../../Engine/Plugins/Runtime/AppleARKit/Binaries/Win64/UE4Editor-AppleARKit.dll (API version 3944462).
LogModuleManager: Display: Found up-to-date module file ../../../Engine/Plugins/Runtime/ProceduralMeshComponent/Binaries/Win64/UE4Editor-ProceduralMeshComponent.dll (API version 3944462).
LogModuleManager: Display: Found up-to-date module file ../../../Engine/Plugins/Runtime/ProceduralMeshComponent/Binaries/Win64/UE4Editor-ProceduralMeshComponentEditor.dll (API version 3944462).
LogModuleManager: Display: Found up-to-date module file ../../../Engine/Plugins/Animation/LiveLink/Binaries/Win64/UE4Editor-LiveLink.dll (API version 3944462).
LogModuleManager: Display: Found up-to-date module file ../../../Engine/Plugins/Animation/LiveLink/Binaries/Win64/UE4Editor-LiveLinkEditor.dll (API version 3944462).
LogModuleManager: Display: Found up-to-date module file ../../../Engine/Plugins/Runtime/ArchVisCharacter/Binaries/Win64/UE4Editor-ArchVisCharacter.dll (API version 3944462).
LogModuleManager: Display: Found up-to-date module file ../../../Engine/Plugins/Runtime/AudioCapture/Binaries/Win64/UE4Editor-AudioCapture.dll (API version 3944462).
LogModuleManager: Display: Found up-to-date module file ../../../Engine/Plugins/Runtime/AudioCapture/Binaries/Win64/UE4Editor-AudioCaptureEditor.dll (API version 3944462).
LogModuleManager: Display: Found up-to-date module file ../../../Engine/Plugins/Runtime/CableComponent/Binaries/Win64/UE4Editor-CableComponent.dll (API version 3944462).
LogModuleManager: Display: Found up-to-date module file ../../../Engine/Plugins/Runtime/CustomMeshComponent/Binaries/Win64/UE4Editor-CustomMeshComponent.dll (API version 3944462).
LogModuleManager: Display: Found up-to-date module file ../../../Engine/Plugins/Runtime/ExampleDeviceProfileSelector/Binaries/Win64/UE4Editor-ExampleDeviceProfileSelector.dll (API version 3944462).
LogModuleManager: Display: Found up-to-date module file ../../../Engine/Plugins/Runtime/ImmediatePhysics/Binaries/Win64/UE4Editor-ImmediatePhysics.dll (API version 3944462).
LogModuleManager: Display: Found up-to-date module file ../../../Engine/Plugins/Runtime/ImmediatePhysics/Binaries/Win64/UE4Editor-ImmediatePhysicsEditor.dll (API version 3944462).
LogModuleManager: Display: Found up-to-date module file ../../../Engine/Plugins/Runtime/LocationServicesBPLibrary/Binaries/Win64/UE4Editor-LocationServicesBPLibrary.dll (API version 3944462).
LogModuleManager: Display: Found up-to-date module file ../../../Engine/Plugins/Runtime/MobilePatchingUtils/Binaries/Win64/UE4Editor-MobilePatchingUtils.dll (API version 3944462).
LogModuleManager: Display: Found up-to-date module file ../../../Engine/Plugins/Runtime/Oculus/OculusVR/Binaries/Win64/UE4Editor-OculusHMD.dll (API version 3944462).
LogModuleManager: Display: Found up-to-date module file ../../../Engine/Plugins/Runtime/Oculus/OculusVR/Binaries/Win64/UE4Editor-OculusInput.dll (API version 3944462).
LogModuleManager: Display: Found up-to-date module file ../../../Engine/Plugins/Runtime/Oculus/OculusVR/Binaries/Win64/UE4Editor-OculusEditor.dll (API version 3944462).
LogModuleManager: Display: Found up-to-date module file ../../../Engine/Plugins/Runtime/PhysXVehicles/Binaries/Win64/UE4Editor-PhysXVehicles.dll (API version 3944462).
LogModuleManager: Display: Found up-to-date module file ../../../Engine/Plugins/Runtime/PhysXVehicles/Binaries/Win64/UE4Editor-PhysXVehiclesEditor.dll (API version 3944462).
LogModuleManager: Display: Found up-to-date module file ../../../Engine/Plugins/Runtime/RuntimePhysXCooking/Binaries/Win64/UE4Editor-RuntimePhysXCooking.dll (API version 3944462).
LogModuleManager: Display: Found up-to-date module file ../../../Engine/Plugins/Runtime/Steam/SteamVR/Binaries/Win64/UE4Editor-SteamVR.dll (API version 3944462).
LogModuleManager: Display: Found up-to-date module file ../../../Engine/Plugins/Runtime/Steam/SteamVR/Binaries/Win64/UE4Editor-SteamVRController.dll (API version 3944462).
LogModuleManager: Display: Found up-to-date module file ../../../Engine/Plugins/Runtime/WindowsMoviePlayer/Binaries/Win64/UE4Editor-WindowsMoviePlayer.dll (API version 3944462).
LogPluginManager: Mounting plugin Paper2D
LogPluginManager: Mounting plugin LiveLink
LogPluginManager: Mounting plugin LightPropagationVolume
LogPluginManager: Mounting plugin CLionSourceCodeAccess
LogPluginManager: Mounting plugin CodeLiteSourceCodeAccess
LogPluginManager: Mounting plugin GitSourceControl
LogPluginManager: Mounting plugin KDevelopSourceCodeAccess
LogPluginManager: Mounting plugin NullSourceCodeAccess
LogPluginManager: Mounting plugin PerforceSourceControl
LogPluginManager: Mounting plugin SubversionSourceControl
LogPluginManager: Mounting plugin UObjectPlugin
LogPluginManager: Mounting plugin VisualStudioCodeSourceCodeAccess
LogPluginManager: Mounting plugin VisualStudioSourceCodeAccess
LogPluginManager: Mounting plugin XCodeSourceCodeAccess
LogPluginManager: Mounting plugin AssetManagerEditor
LogPluginManager: Mounting plugin CryptoKeys
LogPluginManager: Mounting plugin DataValidation
LogPluginManager: Mounting plugin FacialAnimation
LogPluginManager: Mounting plugin GameplayTagsEditor
LogPluginManager: Mounting plugin MobileLauncherProfileWizard
LogPluginManager: Mounting plugin PluginBrowser
LogPluginManager: Mounting plugin SpeedTreeImporter
LogPluginManager: Mounting plugin DatasmithContent
LogPluginManager: Mounting plugin AlembicImporter
LogPluginManager: Mounting plugin CharacterAI
LogPluginManager: Mounting plugin HTML5Networking
LogPluginManager: Mounting plugin AndroidMedia
LogPluginManager: Mounting plugin AvfMedia
LogPluginManager: Mounting plugin ImgMedia
LogPluginManager: Mounting plugin LinearTimecode
LogPluginManager: Mounting plugin MediaCompositing
LogPluginManager: Mounting plugin MediaPlayerEditor
LogPluginManager: Mounting plugin WmfMedia
LogPluginManager: Mounting plugin TcpMessaging
LogPluginManager: Mounting plugin UdpMessaging
LogPluginManager: Mounting plugin ActorSequence
LogPluginManager: Mounting plugin LevelSequenceEditor
LogPluginManager: Mounting plugin MatineeToLevelSequence
LogPluginManager: Mounting plugin NetcodeUnitTest
LogPluginManager: Mounting plugin NUTUnrealEngine4
LogPluginManager: Mounting plugin OnlineSubsystemGooglePlay
LogPluginManager: Mounting plugin OnlineSubsystemIOS
LogPluginManager: Mounting plugin OnlineSubsystem
LogPluginManager: Mounting plugin OnlineSubsystemNull
LogPluginManager: Mounting plugin OnlineSubsystemUtils
LogPluginManager: Mounting plugin AndroidDeviceProfileSelector
LogPluginManager: Mounting plugin AndroidMoviePlayer
LogPluginManager: Mounting plugin AndroidPermission
LogPluginManager: Mounting plugin AppleARKit
LogPluginManager: Mounting plugin AppleMoviePlayer
LogPluginManager: Mounting plugin ArchVisCharacter
LogPluginManager: Mounting plugin AudioCapture
LogPluginManager: Mounting plugin CableComponent
LogPluginManager: Mounting plugin CustomMeshComponent
LogPluginManager: Mounting plugin ExampleDeviceProfileSelector
LogPluginManager: Mounting plugin GoogleCloudMessaging
LogPluginManager: Mounting plugin ImmediatePhysics
LogPluginManager: Mounting plugin IOSDeviceProfileSelector
LogPluginManager: Mounting plugin LinuxDeviceProfileSelector
LogPluginManager: Mounting plugin LocationServicesBPLibrary
LogPluginManager: Mounting plugin MobilePatchingUtils
LogPluginManager: Mounting plugin OculusVR
LogPluginManager: Plugin shader directory ../../../Engine/Plugins/Runtime/Oculus/OculusVR/Shaders found
LogPluginManager: Mapping shader source directory ../../../Engine/Plugins/Runtime/Oculus/OculusVR/Shaders to virtual directory /Plugin/OculusVR
LogPluginManager: Mounting plugin PhysXVehicles
LogPluginManager: Mounting plugin ProceduralMeshComponent
LogPluginManager: Mounting plugin RuntimePhysXCooking
LogPluginManager: Mounting plugin SteamVR
LogPluginManager: Mounting plugin WindowsMoviePlayer
LogStreaming: Display: Took  2.020s to configure plugins.
LogInit: Using libcurl 7.47.1
LogInit:  - built for x86_64-pc-win32
LogInit:  - supports SSL with OpenSSL/1.0.2g
LogInit:  - supports HTTP deflate (compression) using libz 1.2.8
LogInit:  - other features:
LogInit:      CURL_VERSION_SSL
LogInit:      CURL_VERSION_LIBZ
LogInit:      CURL_VERSION_IPV6
LogInit:      CURL_VERSION_ASYNCHDNS
LogInit:      CURL_VERSION_LARGEFILE
LogInit:      CURL_VERSION_IDN
LogInit:  CurlRequestOptions (configurable via config and command line):
LogInit:  - bVerifyPeer = false  - Libcurl will NOT verify peer certificate
LogInit:  - bUseHttpProxy = false  - Libcurl will NOT use HTTP proxy
LogInit:  - bDontReuseConnections = false  - Libcurl will reuse connections
LogInit:  - CertBundlePath = nullptr  - Libcurl will use whatever was configured at build time.
LogInit:  - MaxHostConnections = 16  - Libcurl will limit the number of connections to a host
LogInit:  - LocalHostAddr = Default
LogInit: WinSock: version 1.1 (2.2), MaxSocks=32767, MaxUdp=65467
LogInit: WinSock: I am DESKTOP-RUO20BN (192.168.44.54:0)
LogInit: Build: ++UE4+Release-4.19-CL-3989454
LogInit: Engine Version: 4.19.1-3989454+++UE4+Release-4.19
LogInit: Compatible Engine Version: 4.19.0-3944462+++UE4+Release-4.19
LogInit: Net CL: 3944462
LogDevObjectVersion: Number of dev versions registered: 18
LogDevObjectVersion:   Dev-Blueprints (B0D832E4-1F89-4F0D-ACCF-7EB736FD4AA2): 10
LogDevObjectVersion:   Dev-Build (E1C64328-A22C-4D53-A36C-8E866417BD8C): 0
LogDevObjectVersion:   Dev-Core (375EC13C-06E4-48FB-B500-84F0262A717E): 2
LogDevObjectVersion:   Dev-Editor (E4B068ED-F494-42E9-A231-DA0B2E46BB41): 23
LogDevObjectVersion:   Dev-Framework (CFFC743F-43B0-4480-9391-14DF171D2073): 33
LogDevObjectVersion:   Dev-Mobile (B02B49B5-BB20-44E9-A304-32B752E40360): 2
LogDevObjectVersion:   Dev-Networking (A4E4105C-59A1-49B5-A7C5-40C4547EDFEE): 0
LogDevObjectVersion:   Dev-Online (39C831C9-5AE6-47DC-9A44-9C173E1C8E7C): 0
LogDevObjectVersion:   Dev-Physics (78F01B33-EBEA-4F98-B9B4-84EACCB95AA2): 0
LogDevObjectVersion:   Dev-Platform (6631380F-2D4D-43E0-8009-CF276956A95A): 0
LogDevObjectVersion:   Dev-Rendering (12F88B9F-8875-4AFC-A67C-D90C383ABD29): 25
LogDevObjectVersion:   Dev-Sequencer (7B5AE74C-D270-4C10-A958-57980B212A5A): 6
LogDevObjectVersion:   Dev-VR (D7296918-1DD6-4BDD-9DE2-64A83CC13884): 1
LogDevObjectVersion:   Dev-LoadTimes (C2A15278-BFE7-4AFE-6C17-90FF531DF755): 1
LogDevObjectVersion:   Private-Geometry (6EACA3D4-40EC-4CC1-B786-8BED09428FC5): 2
LogDevObjectVersion:   Dev-AnimPhys (29E575DD-E0A3-4627-9D10-D276232CDCEA): 16
LogDevObjectVersion:   Dev-ReflectionCapture (6B266CEC-1EC7-4B8F-A30B-E4D90942FC07): 1
LogDevObjectVersion:   Dev-Automation (0DF73D61-A23F-47EA-B727-89E90C41499A): 1
LogInit: Compiled (64-bit): Apr  6 2018 12:26:04
LogInit: Compiled with Visual C++: 19.00.24215.01
LogInit: Build Configuration: Development
LogInit: Branch Name: ++UE4+Release-4.19
LogInit: Command Line:  /Game/FirstPersonBP/Maps/FirstPersonExampleMap -game -PIEVIACONSOLE -ResX=1280 -ResY=720  -Multiprocess -messaging -SessionName="Play in Standalone Game" -windowed 
LogInit: Base Directory: C:/Program Files/Epic Games/UE_4.19/Engine/Binaries/Win64/
LogInit: Installed Engine Build: 1
LogStreaming: Display: Took  0.001s to delete old logs.
LogInit: Presizing for max 8388607 objects, including 0 objects not considered by GC, pre-allocating 0 bytes for permanent pool.
LogInit: Object subsystem initialized
[2018.04.14-16.16.20:445][  0]LogInit: Selected Device Profile: [Windows]
[2018.04.14-16.16.20:445][  0]LogInit: Applying CVar settings loaded from the selected device profile: [Windows]
[2018.04.14-16.16.20:454][  0]LogInit: Computer: DESKTOP-RUO20BN
[2018.04.14-16.16.20:454][  0]LogInit: User: JonathanChouinard
[2018.04.14-16.16.20:454][  0]LogInit: CPU Page size=4096, Cores=2
[2018.04.14-16.16.20:454][  0]LogInit: High frequency timer resolution =2.742186 MHz
[2018.04.14-16.16.20:455][  0]LogMemory: Memory total: Physical=7.9GB (8GB approx)
[2018.04.14-16.16.20:455][  0]LogMemory: Platform Memory Stats for Windows
[2018.04.14-16.16.20:455][  0]LogMemory: Process Physical Memory: 276.50 MB used, 276.50 MB peak
[2018.04.14-16.16.20:455][  0]LogMemory: Process Virtual Memory: 263.90 MB used, 263.90 MB peak
[2018.04.14-16.16.20:455][  0]LogMemory: Physical Memory: 7035.21 MB used,  1082.07 MB free, 8117.27 MB total
[2018.04.14-16.16.20:455][  0]LogMemory: Virtual Memory: 683.77 MB used,  1082.07 MB free, 134217728.00 MB total
[2018.04.14-16.16.20:489][  0]LogInit: Using OS detected language (en-US).
[2018.04.14-16.16.20:489][  0]LogInit: Using OS detected locale (en-US).
[2018.04.14-16.16.20:489][  0]LogTextLocalizationManager: No localization for 'en-US' exists, so 'en' will be used for the language.
[2018.04.14-16.16.20:489][  0]LogTextLocalizationManager: No localization for 'en-US' exists, so 'en' will be used for the locale.
[2018.04.14-16.16.21:295][  0]LogStreaming: Display: Took  0.806s to EndInitTextLocalization.
[2018.04.14-16.16.21:335][  0]LogSlate: New Slate User Created.  User Index 0, Is Virtual User: 0
[2018.04.14-16.16.21:335][  0]LogSlate: Slate User Registered.  User Index 0, Is Virtual User: 0
[2018.04.14-16.16.21:380][  0]LogD3D11RHI: D3D11 adapters:
[2018.04.14-16.16.21:485][  0]LogD3D11RHI:    0. 'NVIDIA GeForce GTX 965M' (Feature Level 11_0)
[2018.04.14-16.16.21:485][  0]LogD3D11RHI:       2010/0/4058 MB DedicatedVideo/DedicatedSystem/SharedSystem, Outputs:1, VendorId:0x10de
[2018.04.14-16.16.21:499][  0]LogD3D11RHI:    1. 'Intel(R) HD Graphics 520' (Feature Level 11_0)
[2018.04.14-16.16.21:499][  0]LogD3D11RHI:       128/0/4058 MB DedicatedVideo/DedicatedSystem/SharedSystem, Outputs:0, VendorId:0x8086
[2018.04.14-16.16.21:503][  0]LogD3D11RHI:    2. 'Microsoft Basic Render Driver' (Feature Level 11_0)
[2018.04.14-16.16.21:503][  0]LogD3D11RHI:       0/0/4058 MB DedicatedVideo/DedicatedSystem/SharedSystem, Outputs:0, VendorId:0x1414
[2018.04.14-16.16.21:503][  0]LogD3D11RHI: Chosen D3D11 Adapter: 0
[2018.04.14-16.16.21:517][  0]LogD3D11RHI: Creating new Direct3DDevice
[2018.04.14-16.16.21:517][  0]LogD3D11RHI:     GPU DeviceId: 0x1427 (for the marketing name, search the web for "GPU Device Id")
[2018.04.14-16.16.21:517][  0]LogWindows: EnumDisplayDevices:
[2018.04.14-16.16.21:518][  0]LogWindows:    0. 'Intel(R) HD Graphics 520' (P:1 D:1)
[2018.04.14-16.16.21:518][  0]LogWindows:    1. 'Intel(R) HD Graphics 520' (P:0 D:0)
[2018.04.14-16.16.21:518][  0]LogWindows:    2. 'Intel(R) HD Graphics 520' (P:0 D:0)
[2018.04.14-16.16.21:518][  0]LogWindows: DebugString: GetVideoDriverDetailsInvalid PrimaryIsNotTheChoosenAdapter GetVideoDriverDetailsInvalid PrimaryIsNotTheChoosenAdapter GetVideoDriverDetailsInvalid PrimaryIsNotTheChoosenAdapter FoundDriverCount:0 
[2018.04.14-16.16.21:518][  0]LogD3D11RHI:     Adapter Name: NVIDIA GeForce GTX 965M
[2018.04.14-16.16.21:519][  0]LogD3D11RHI:   Driver Version: Unknown (internal:Unknown, unified:Unknown)
[2018.04.14-16.16.21:519][  0]LogD3D11RHI:      Driver Date: Unknown
[2018.04.14-16.16.21:519][  0]LogRHI: Texture pool is 1407 MB (70% of 2010 MB)
[2018.04.14-16.16.21:583][  0]LogD3D11RHI: [Aftermath] Aftermath enabled and primed
[2018.04.14-16.16.21:583][  0]LogD3D11RHI: [Aftermath] Aftermath enabled and primed
[2018.04.14-16.16.21:583][  0]LogD3D11RHI: Async texture creation enabled
[2018.04.14-16.16.21:621][  0]LogD3D11RHI: GPU Timing Frequency: 1000.000000 (Debug: 2 4)
[2018.04.14-16.16.21:622][  0]LogShaderCompilers: Guid format shader working directory is -24 characters bigger than the processId version (../../../../../../Users/JonathanChouinard/Documents/Unreal Projects/MojamTruthFPS/Intermediate/Shaders/WorkingDirectory/11632/).
[2018.04.14-16.16.21:622][  0]LogShaderCompilers: Cleaned the shader compiler working directory 'C:/Users/JonathanChouinard/AppData/Local/Temp/UnrealShaderWorkingDir/AA5A1E43417D48EB2EAABA8A3D045379/'.
[2018.04.14-16.16.21:985][  0]LogTemp: Display: Loaded TP WindowsClientTargetPlatform
[2018.04.14-16.16.22:003][  0]LogTemp: Display: Loaded TP WindowsNoEditorTargetPlatform
[2018.04.14-16.16.22:021][  0]LogTemp: Display: Loaded TP WindowsServerTargetPlatform
[2018.04.14-16.16.22:038][  0]LogTemp: Display: Loaded TP WindowsTargetPlatform
[2018.04.14-16.16.22:038][  0]LogTargetPlatformManager: Display: Building Assets For Windows
[2018.04.14-16.16.22:171][  0]LogXGEController: Cannot use XGE Controller as Incredibuild is not installed on this machine.
[2018.04.14-16.16.22:171][  0]LogShaderCompilers: Cannot use XGE Shader Compiler as Incredibuild is not installed on this machine.
[2018.04.14-16.16.22:171][  0]LogShaderCompilers: Display: Using Local Shader Compiler.
[2018.04.14-16.16.23:142][  0]LogDerivedDataCache: Display: Max Cache Size: 512 MB
[2018.04.14-16.16.23:255][  0]LogDerivedDataCache: Loaded boot cache 0.11s 88MB C:/Users/JonathanChouinard/AppData/Local/UnrealEngine/4.19/DerivedDataCache/Boot.ddc.
[2018.04.14-16.16.23:255][  0]LogDerivedDataCache: Display: Loaded Boot cache: C:/Users/JonathanChouinard/AppData/Local/UnrealEngine/4.19/DerivedDataCache/Boot.ddc
[2018.04.14-16.16.23:255][  0]LogDerivedDataCache: FDerivedDataBackendGraph:  Pak pak cache file ../../../../../../Users/JonathanChouinard/Documents/Unreal Projects/MojamTruthFPS/DerivedDataCache/DDC.ddp not found, will not use a pak cache.
[2018.04.14-16.16.23:256][  0]LogDerivedDataCache: Unable to find inner node Pak for hierarchical cache Hierarchy.
[2018.04.14-16.16.23:256][  0]LogDerivedDataCache: FDerivedDataBackendGraph:  CompressedPak pak cache file ../../../../../../Users/JonathanChouinard/Documents/Unreal Projects/MojamTruthFPS/DerivedDataCache/Compressed.ddp not found, will not use a pak cache.
[2018.04.14-16.16.23:256][  0]LogDerivedDataCache: Unable to find inner node CompressedPak for hierarchical cache Hierarchy.
[2018.04.14-16.16.23:278][  0]LogDerivedDataCache: Display: Pak cache opened for reading ../../../Engine/DerivedDataCache/Compressed.ddp.
[2018.04.14-16.16.23:290][  0]LogDerivedDataCache: Using Local data cache path C:/Users/JonathanChouinard/AppData/Local/UnrealEngine/Common/DerivedDataCache: Writable
[2018.04.14-16.16.23:310][  0]LogMaterial: Verifying Global Shaders for PCD3D_SM5
[2018.04.14-16.16.23:311][  0]LogSlate: Using Freetype 2.6.0
[2018.04.14-16.16.23:312][  0]LogSlate: SlateFontCache - WITH_FREETYPE: 1, WITH_HARFBUZZ: 1
[2018.04.14-16.16.23:312][  0]LogSlate: SlateFontCache - WITH_FREETYPE: 1, WITH_HARFBUZZ: 1
[2018.04.14-16.16.23:446][  0]LogAssetRegistry: FAssetRegistry took 0.0059 seconds to start up
[2018.04.14-16.16.23:727][  0]LogPackageLocalizationCache: Processed 9 localized package path(s) for 1 prioritized culture(s) in 0.015514 seconds
[2018.04.14-16.16.23:869][  0]LogInit: Selected Device Profile: [Windows]
[2018.04.14-16.16.24:065][  0]LogSimplygon: Simplygon DLL not present - disabling.
[2018.04.14-16.16.24:069][  0]LogMeshReduction: Using SimplygonSwarm for distributed automatic mesh merging
[2018.04.14-16.16.24:069][  0]LogMeshReduction: Using QuadricMeshReduction for automatic static mesh reduction
[2018.04.14-16.16.24:069][  0]LogMeshReduction: No automatic skeletal mesh reduction module available
[2018.04.14-16.16.24:069][  0]LogMeshReduction: No automatic mesh merging module available
[2018.04.14-16.16.24:069][  0]LogMeshMerging: No automatic mesh merging module available
[2018.04.14-16.16.24:105][  0]LogNetVersion: MojamTruthFPS , NetCL: 3944462, EngineNetVer: 2, GameNetVer: 0 (Checksum: 3850477144)
[2018.04.14-16.16.24:987][  0]LogMoviePlayer: Initializing movie player
[2018.04.14-16.16.25:070][  0]LogWindowsTextInputMethodSystem: Display: IME system now deactivated.
[2018.04.14-16.16.25:070][  0]LogWindowsTextInputMethodSystem: Display: IME system now deactivated.
[2018.04.14-16.16.25:421][  0]LogTcpMessaging: Initializing TcpMessaging bridge
[2018.04.14-16.16.25:466][  0]LogUdpMessaging: Initializing bridge on interface 0.0.0.0:0 to multicast group 230.0.0.1:6666.
[2018.04.14-16.16.25:746][  0]SourceControl: Source control is disabled
[2018.04.14-16.16.25:746][  0]SourceControl: Source control is disabled
[2018.04.14-16.16.25:767][  0]SourceControl: Source control is disabled
[2018.04.14-16.16.26:176][  0]LogAndroidPermission: UAndroidPermissionCallbackProxy::GetInstance
[2018.04.14-16.16.26:383][  0]LogOcInput: OculusInput pre-init called
[2018.04.14-16.16.26:433][  0]LogUObjectArray: 40124 objects as part of root set at end of initial load.
[2018.04.14-16.16.26:433][  0]LogUObjectAllocator: 8364208 out of 0 bytes used by permanent object pool.
[2018.04.14-16.16.26:433][  0]LogUObjectArray: CloseDisregardForGC: 0/0 objects in disregard for GC pool
[2018.04.14-16.16.26:494][  0]LogEngine: Initializing Engine...
[2018.04.14-16.16.26:495][  0]LogHMD: Failed to initialize OpenVR with code 110
[2018.04.14-16.16.26:509][  0]LogStats: UGameplayTagsManager::ConstructGameplayTagTree: Construct from data asset -  0.000 s
[2018.04.14-16.16.26:509][  0]LogStats: UGameplayTagsManager::ConstructGameplayTagTree: GameplayTagTreeChangedEvent.Broadcast -  0.000 s
[2018.04.14-16.16.26:760][  0]LogInit: XAudio2 using 'Headphones (Realtek High Definition Audio(SST))' : 2 channels at 48 kHz using 32 bits per sample (channel mask 0x3)
[2018.04.14-16.16.26:791][  0]LogInit: FAudioDevice initialized.
[2018.04.14-16.16.26:823][  0]LogInit: Texture streaming: Enabled
[2018.04.14-16.16.26:991][  0]LogInit: Display: Game Engine Initialized.
[2018.04.14-16.16.26:991][  0]LogGameplayTags: Display: UGameplayTagsManager::DoneAddingNativeTags. DelegateIsBound: 0
[2018.04.14-16.16.26:991][  0]LogStats: UGameplayTagsManager::ConstructGameplayTagTree: Construct from data asset -  0.000 s
[2018.04.14-16.16.26:991][  0]LogStats: UGameplayTagsManager::ConstructGameplayTagTree: GameplayTagTreeChangedEvent.Broadcast -  0.000 s
[2018.04.14-16.16.27:105][  0]LogInit: Display: Starting Game.
[2018.04.14-16.16.27:105][  0]LogNet: Browse: /Game/FirstPersonBP/Maps/FirstPersonExampleMap?Name=Player
[2018.04.14-16.16.27:105][  0]LogLoad: LoadMap: /Game/FirstPersonBP/Maps/FirstPersonExampleMap?Name=Player
[2018.04.14-16.16.27:598][  0]LogSkeletalMesh: Skeletal Mesh found in DDC [5.817621ms] /Game/Mojam/Character/Vampire/Character/SK_MisterVampire.SK_MisterVampire
[2018.04.14-16.16.27:633][  0]LogAIModule: Creating AISystem for world FirstPersonExampleMap
[2018.04.14-16.16.27:633][  0]LogLoad: Game class is 'FirstPersonGameMode_C'
[2018.04.14-16.16.27:639][  0]LogSkeletalMesh: USkeletalMeshComponent::InitArticulated : Could not find root physics body: '/Game/FirstPersonBP/Maps/FirstPersonExampleMap.FirstPersonExampleMap:PersistentLevel.BP_VampireBody_92.CharacterMesh0'
[2018.04.14-16.16.27:643][  0]LogSkeletalMesh: USkeletalMeshComponent::InitArticulated : Could not find root physics body: '/Game/FirstPersonBP/Maps/FirstPersonExampleMap.FirstPersonExampleMap:PersistentLevel.BP_MansionBoss_33.CharacterMesh0'
[2018.04.14-16.16.27:655][  0]LogWorld: Bringing World /Game/FirstPersonBP/Maps/FirstPersonExampleMap.FirstPersonExampleMap up for play (max tick rate 0) at 2018.04.14-12.16.27
[2018.04.14-16.16.27:658][  0]LogWorld: Bringing up level for play took: 0.023617
[2018.04.14-16.16.27:659][  0]LogGameMode: FindPlayerStart: PATHS NOT DEFINED or NO PLAYERSTART with positive rating
[2018.04.14-16.16.27:662][  0]LogLoad: Took 0.556687 seconds to LoadMap(/Game/FirstPersonBP/Maps/FirstPersonExampleMap)
[2018.04.14-16.16.27:738][  0]LogLoad: (Engine Initialization) Total time: 11.38 seconds
[2018.04.14-16.16.27:738][  0]LogLoad: (Engine Initialization) Total Blueprint compile time: 0.00 seconds
[2018.04.14-16.16.27:778][  0]LogRenderer: Reallocating scene render targets to support 1280x720 Format 10 NumSamples 1 (Frame:1).
[2018.04.14-16.16.27:861][  0]LogContentStreaming: Texture pool size now 1000 MB
[2018.04.14-16.16.27:972][  5]LogBlueprintUserMessages: [FirstPersonCharacter_C_1] move
[2018.04.14-16.16.28:334][ 25]LogBlueprintUserMessages: [FirstPersonCharacter_C_1] move
[2018.04.14-16.16.28:937][ 62]LogBlueprintUserMessages: [FirstPersonCharacter_C_1] completed
[2018.04.14-16.16.28:937][ 62]LogBlueprintUserMessages: [FirstPersonCharacter_C_1] move
[2018.04.14-16.16.29:180][ 77]LogBlueprintUserMessages: [FirstPersonCharacter_C_1] move
[2018.04.14-16.16.29:769][113]LogBlueprintUserMessages: [FirstPersonCharacter_C_1] move
[2018.04.14-16.16.30:261][143]LogBlueprintUserMessages: [FirstPersonCharacter_C_1] move
[2018.04.14-16.16.30:375][150]LogBlueprintUserMessages: [FirstPersonCharacter_C_1] move
[2018.04.14-16.16.30:489][157]LogBlueprintUserMessages: [FirstPersonCharacter_C_1] move
[2018.04.14-16.16.30:618][165]LogBlueprintUserMessages: [FirstPersonCharacter_C_1] move
[2018.04.14-16.16.30:741][172]LogBlueprintUserMessages: [FirstPersonCharacter_C_1] move
[2018.04.14-16.16.31:338][209]LogBlueprintUserMessages: [FirstPersonCharacter_C_1] move
[2018.04.14-16.16.31:453][216]LogBlueprintUserMessages: [FirstPersonCharacter_C_1] move
[2018.04.14-16.16.31:566][223]LogBlueprintUserMessages: [FirstPersonCharacter_C_1] move
[2018.04.14-16.16.31:700][231]LogBlueprintUserMessages: [FirstPersonCharacter_C_1] move
[2018.04.14-16.16.32:309][268]LogBlueprintUserMessages: [FirstPersonCharacter_C_1] completed
[2018.04.14-16.16.32:406][274]LogBlueprintUserMessages: [FirstPersonCharacter_C_1] move
[2018.04.14-16.16.32:899][304]LogBlueprintUserMessages: [FirstPersonCharacter_C_1] move
[2018.04.14-16.16.33:013][311]LogBlueprintUserMessages: [FirstPersonCharacter_C_1] move
[2018.04.14-16.16.33:498][341]LogBlueprintUserMessages: [FirstPersonCharacter_C_1] move
[2018.04.14-16.16.33:862][363]LogBlueprintUserMessages: [FirstPersonCharacter_C_1] move
[2018.04.14-16.16.34:460][400]LogBlueprintUserMessages: [FirstPersonCharacter_C_1] completed
[2018.04.14-16.16.35:656][472]LogBlueprintUserMessages: [FirstPersonCharacter_C_1] move
[2018.04.14-16.16.35:899][487]LogBlueprintUserMessages: [FirstPersonCharacter_C_1] move
[2018.04.14-16.16.36:245][508]LogBlueprintUserMessages: [FirstPersonCharacter_C_1] move
[2018.04.14-16.16.36:491][523]LogBlueprintUserMessages: [FirstPersonCharacter_C_1] move
[2018.04.14-16.16.36:851][545]LogBlueprintUserMessages: [FirstPersonCharacter_C_1] move
[2018.04.14-16.16.37:208][567]LogBlueprintUserMessages: [FirstPersonCharacter_C_1] move
[2018.04.14-16.16.37:331][574]LogBlueprintUserMessages: [FirstPersonCharacter_C_1] move
[2018.04.14-16.16.37:445][581]LogBlueprintUserMessages: [FirstPersonCharacter_C_1] move
[2018.04.14-16.16.37:691][596]LogBlueprintUserMessages: [FirstPersonCharacter_C_1] move
[2018.04.14-16.16.38:299][633]LogBlueprintUserMessages: [FirstPersonCharacter_C_1] completed
[2018.04.14-16.16.38:412][640]LogBlueprintUserMessages: [FirstPersonCharacter_C_1] move
[2018.04.14-16.16.39:002][676]LogBlueprintUserMessages: [FirstPersonCharacter_C_1] completed
[2018.04.14-16.16.40:093][743]LogBlueprintUserMessages: [FirstPersonCharacter_C_1] move
[2018.04.14-16.16.40:681][779]LogBlueprintUserMessages: [FirstPersonCharacter_C_1] completed
[2018.04.14-16.16.40:697][780]LogBlueprintUserMessages: [FirstPersonCharacter_C_1] move
[2018.04.14-16.16.40:813][787]LogBlueprintUserMessages: [FirstPersonCharacter_C_1] move
[2018.04.14-16.16.41:298][817]LogBlueprintUserMessages: [FirstPersonCharacter_C_1] move
[2018.04.14-16.16.41:410][824]LogBlueprintUserMessages: [FirstPersonCharacter_C_1] move
[2018.04.14-16.16.41:523][831]LogBlueprintUserMessages: [FirstPersonCharacter_C_1] Changing Room to Hallway
[2018.04.14-16.16.41:540][832]LogBlueprintUserMessages: [FirstPersonCharacter_C_1] move
[2018.04.14-16.16.42:142][869]LogBlueprintUserMessages: [FirstPersonCharacter_C_1] completed
[2018.04.14-16.16.42:368][883]LogBlueprintUserMessages: [FirstPersonCharacter_C_1] move
[2018.04.14-16.16.42:957][919]LogBlueprintUserMessages: [FirstPersonCharacter_C_1] completed
[2018.04.14-16.16.46:339][127]LogBlueprintUserMessages: [FirstPersonCharacter_C_1] move
[2018.04.14-16.16.46:574][141]LogBlueprintUserMessages: [FirstPersonCharacter_C_1] move
[2018.04.14-16.16.47:051][170]LogBlueprintUserMessages: [FirstPersonCharacter_C_1] move
[2018.04.14-16.16.47:664][207]LogBlueprintUserMessages: [FirstPersonCharacter_C_1] completed
[2018.04.14-16.16.49:019][290]LogBlueprintUserMessages: [FirstPersonCharacter_C_1] Changing Room to Master Bedroom
[2018.04.14-16.16.50:057][354]LogBlueprintUserMessages: [FirstPersonCharacter_C_1] move
[2018.04.14-16.16.50:170][361]LogBlueprintUserMessages: [FirstPersonCharacter_C_1] move
[2018.04.14-16.16.50:785][399]LogBlueprintUserMessages: [FirstPersonCharacter_C_1] completed
[2018.04.14-16.16.51:012][413]LogBlueprintUserMessages: [FirstPersonCharacter_C_1] move
[2018.04.14-16.16.51:596][449]LogBlueprintUserMessages: [FirstPersonCharacter_C_1] completed
[2018.04.14-16.16.51:854][465]LogBlueprintUserMessages: [FirstPersonCharacter_C_1] move
[2018.04.14-16.16.52:326][494]LogBlueprintUserMessages: [FirstPersonCharacter_C_1] move
[2018.04.14-16.16.52:577][509]LogBlueprintUserMessages: [FirstPersonCharacter_C_1] move
[2018.04.14-16.16.53:177][546]LogBlueprintUserMessages: [FirstPersonCharacter_C_1] completed
[2018.04.14-16.16.53:456][563]LogBlueprintUserMessages: [FirstPersonExampleMap_C_20] Success
[2018.04.14-16.16.54:153][606]LogBlueprintUserMessages: [FirstPersonExampleMap_C_20] Aborted
[2018.04.14-16.16.54:427][623]LogBlueprintUserMessages: [FirstPersonExampleMap_C_20] Aborted
[2018.04.14-16.16.54:605][634]LogBlueprintUserMessages: [FirstPersonExampleMap_C_20] Aborted
[2018.04.14-16.16.54:782][645]LogBlueprintUserMessages: [FirstPersonExampleMap_C_20] Aborted
[2018.04.14-16.16.55:090][664]LogBlueprintUserMessages: [FirstPersonCharacter_C_1] move
[2018.04.14-16.16.55:688][701]LogBlueprintUserMessages: [FirstPersonCharacter_C_1] completed
[2018.04.14-16.16.56:705][764]LogBlueprintUserMessages: [FirstPersonExampleMap_C_20] Aborted
[2018.04.14-16.16.57:365][803]LogBlueprintUserMessages: [FirstPersonCharacter_C_1] move
[2018.04.14-16.16.57:607][818]LogBlueprintUserMessages: [FirstPersonCharacter_C_1] move
[2018.04.14-16.16.58:214][855]LogBlueprintUserMessages: [FirstPersonCharacter_C_1] completed
[2018.04.14-16.17.01:340][ 44]LogBlueprintUserMessages: [FirstPersonCharacter_C_1] move
[2018.04.14-16.17.01:942][ 81]LogBlueprintUserMessages: [FirstPersonCharacter_C_1] completed
[2018.04.14-16.17.05:746][315]LogScript: Warning: Attempted to access ParticleSystem via property ParticleSystem, but ParticleSystem is pending kill
	BP_VampireBody_C /Game/FirstPersonBP/Maps/FirstPersonExampleMap.FirstPersonExampleMap:PersistentLevel.BP_VampireBody_92
	Function /Game/Mojam/Gameplay/BP_VampireBody.BP_VampireBody_C:ExecuteUbergraph_BP_VampireBody:0051
[2018.04.14-16.17.05:746][315]LogScript: Warning: Script call stack:
	Function /Game/FirstPersonBP/Blueprints/Mojam_PlayerCharacter.Mojam_PlayerCharacter_C:InpActEvt_Fire_K2Node_InputActionEvent_0
	Function /Game/FirstPersonBP/Blueprints/Mojam_PlayerCharacter.Mojam_PlayerCharacter_C:ExecuteUbergraph_Mojam_PlayerCharacter
	Function /Game/Mojam/Gameplay/BP_VampireBody.BP_VampireBody_C:Interact
	Function /Game/Mojam/Gameplay/BP_VampireBody.BP_VampireBody_C:ExecuteUbergraph_BP_VampireBody

[2018.04.14-16.17.06:618][369]LogBlueprintUserMessages: [FirstPersonCharacter_C_1] move
[2018.04.14-16.17.06:852][383]LogBlueprintUserMessages: [FirstPersonCharacter_C_1] move
[2018.04.14-16.17.07:467][421]LogBlueprintUserMessages: [FirstPersonCharacter_C_1] completed
[2018.04.14-16.17.08:048][457]LogBlueprintUserMessages: [FirstPersonCharacter_C_1] move
[2018.04.14-16.17.08:177][465]LogBlueprintUserMessages: [FirstPersonCharacter_C_1] move
[2018.04.14-16.17.08:649][494]LogBlueprintUserMessages: [FirstPersonCharacter_C_1] move
[2018.04.14-16.17.08:778][502]LogBlueprintUserMessages: [FirstPersonCharacter_C_1] move
[2018.04.14-16.17.08:892][509]LogBlueprintUserMessages: [FirstPersonCharacter_C_1] move
[2018.04.14-16.17.09:233][530]LogScript: Warning: Attempted to access ParticleSystem via property ParticleSystem, but ParticleSystem is pending kill
	BP_VampireBody_C /Game/FirstPersonBP/Maps/FirstPersonExampleMap.FirstPersonExampleMap:PersistentLevel.BP_VampireBody_92
	Function /Game/Mojam/Gameplay/BP_VampireBody.BP_VampireBody_C:ExecuteUbergraph_BP_VampireBody:0024
[2018.04.14-16.17.09:233][530]LogScript: Warning: Script call stack:
	Function /Game/Mojam/Gameplay/BP_VampireBody.BP_VampireBody_C:ExecuteUbergraph_BP_VampireBody

[2018.04.14-16.17.09:507][547]LogBlueprintUserMessages: [FirstPersonCharacter_C_1] completed
[2018.04.14-16.17.14:054][826]LogBlueprintUserMessages: [FirstPersonCharacter_C_1] move
[2018.04.14-16.17.14:175][833]LogBlueprintUserMessages: [FirstPersonCharacter_C_1] move
[2018.04.14-16.17.14:790][871]LogBlueprintUserMessages: [FirstPersonCharacter_C_1] completed
[2018.04.14-16.17.16:213][959]LogBlueprintUserMessages: [FirstPersonCharacter_C_1] move
[2018.04.14-16.17.16:685][988]LogBlueprintUserMessages: [FirstPersonCharacter_C_1] You selected Yes
[2018.04.14-16.17.16:798][995]LogBlueprintUserMessages: [FirstPersonCharacter_C_1] completed
[2018.04.14-16.17.16:976][  6]LogBlueprintUserMessages: [FirstPersonCharacter_C_1] You selected No
[2018.04.14-16.17.17:138][ 16]LogBlueprintUserMessages: [FirstPersonCharacter_C_1] You selected Yes
[2018.04.14-16.17.17:332][ 28]LogBlueprintUserMessages: [FirstPersonCharacter_C_1] You selected No
[2018.04.14-16.17.17:478][ 37]LogBlueprintUserMessages: [FirstPersonCharacter_C_1] You selected Yes
[2018.04.14-16.17.17:623][ 46]LogBlueprintUserMessages: [FirstPersonCharacter_C_1] You selected No
[2018.04.14-16.17.17:703][ 51]LogBlueprintUserMessages: [FirstPersonCharacter_C_1] You selected Yes
[2018.04.14-16.17.32:045][926]LogBlueprintUserMessages: [FirstPersonCharacter_C_1] move
[2018.04.14-16.17.32:633][962]LogBlueprintUserMessages: [FirstPersonCharacter_C_1] completed
[2018.04.14-16.17.34:215][ 59]LogBlueprintUserMessages: [FirstPersonCharacter_C_1] move
[2018.04.14-16.17.34:331][ 66]LogBlueprintUserMessages: [FirstPersonCharacter_C_1] move
[2018.04.14-16.17.34:685][ 88]LogBlueprintUserMessages: [FirstPersonCharacter_C_1] move
[2018.04.14-16.17.34:802][ 95]LogBlueprintUserMessages: [FirstPersonCharacter_C_1] Changing Room to Hallway
[2018.04.14-16.17.35:294][125]LogBlueprintUserMessages: [FirstPersonCharacter_C_1] completed
[2018.04.14-16.17.35:408][132]LogBlueprintUserMessages: [FirstPersonCharacter_C_1] move
[2018.04.14-16.17.35:538][140]LogBlueprintUserMessages: [FirstPersonCharacter_C_1] move
[2018.04.14-16.17.35:766][154]LogBlueprintUserMessages: [FirstPersonCharacter_C_1] move
[2018.04.14-16.17.35:898][162]LogBlueprintUserMessages: [FirstPersonCharacter_C_1] move
[2018.04.14-16.17.36:499][199]LogBlueprintUserMessages: [FirstPersonCharacter_C_1] completed
[2018.04.14-16.17.37:198][242]LogBlueprintUserMessages: [FirstPersonCharacter_C_1] Changing Room to Library
[2018.04.14-16.17.37:463][258]LogBlueprintUserMessages: [FirstPersonCharacter_C_1] move
[2018.04.14-16.17.37:575][265]LogBlueprintUserMessages: [FirstPersonCharacter_C_1] move
[2018.04.14-16.17.38:181][302]LogBlueprintUserMessages: [FirstPersonCharacter_C_1] completed
[2018.04.14-16.17.38:295][309]LogBlueprintUserMessages: [FirstPersonCharacter_C_1] move
[2018.04.14-16.17.38:411][316]LogBlueprintUserMessages: [FirstPersonCharacter_C_1] move
[2018.04.14-16.17.38:769][338]LogBlueprintUserMessages: [FirstPersonCharacter_C_1] move
[2018.04.14-16.17.39:128][360]LogBlueprintUserMessages: [FirstPersonCharacter_C_1] move
[2018.04.14-16.17.39:258][368]LogBlueprintUserMessages: [FirstPersonCharacter_C_1] move
[2018.04.14-16.17.39:372][375]LogBlueprintUserMessages: [FirstPersonCharacter_C_1] move
[2018.04.14-16.17.39:987][413]LogBlueprintUserMessages: [FirstPersonCharacter_C_1] completed
[2018.04.14-16.17.40:216][427]LogBlueprintUserMessages: [FirstPersonCharacter_C_1] move
[2018.04.14-16.17.40:451][441]LogBlueprintUserMessages: [FirstPersonCharacter_C_1] move
[2018.04.14-16.17.41:051][478]LogBlueprintUserMessages: [FirstPersonCharacter_C_1] completed
[2018.04.14-16.17.45:851][774]LogBlueprintUserMessages: [FirstPersonCharacter_C_1] move
[2018.04.14-16.17.46:450][811]LogBlueprintUserMessages: [FirstPersonCharacter_C_1] completed
[2018.04.14-16.17.46:579][819]LogBlueprintUserMessages: [FirstPersonCharacter_C_1] move
[2018.04.14-16.17.46:692][826]LogBlueprintUserMessages: [FirstPersonCharacter_C_1] move
[2018.04.14-16.17.47:307][864]LogBlueprintUserMessages: [FirstPersonCharacter_C_1] completed
[2018.04.14-16.17.56:772][446]LogBlueprintUserMessages: [FirstPersonCharacter_C_1] move
[2018.04.14-16.17.57:360][482]LogBlueprintUserMessages: [FirstPersonCharacter_C_1] completed
[2018.04.14-16.17.57:734][505]LogBlueprintUserMessages: [FirstPersonCharacter_C_1] move
[2018.04.14-16.17.58:319][541]LogBlueprintUserMessages: [FirstPersonCharacter_C_1] completed
[2018.04.14-16.17.58:933][579]LogBlueprintUserMessages: [FirstPersonCharacter_C_1] move
[2018.04.14-16.17.59:530][616]LogBlueprintUserMessages: [FirstPersonCharacter_C_1] completed
[2018.04.14-16.17.59:773][631]LogBlueprintUserMessages: [FirstPersonCharacter_C_1] move
[2018.04.14-16.18.00:371][668]LogBlueprintUserMessages: [FirstPersonCharacter_C_1] completed
[2018.04.14-16.18.01:215][720]LogBlueprintUserMessages: [FirstPersonCharacter_C_1] move
[2018.04.14-16.18.01:812][757]LogBlueprintUserMessages: [FirstPersonCharacter_C_1] completed
[2018.04.14-16.18.09:619][233]LogBlueprintUserMessages: [FirstPersonCharacter_C_1] move
[2018.04.14-16.18.09:731][240]LogBlueprintUserMessages: [FirstPersonCharacter_C_1] move
[2018.04.14-16.18.10:343][277]LogBlueprintUserMessages: [FirstPersonCharacter_C_1] completed
[2018.04.14-16.18.11:909][351]LogSlate: Window 'MojamTruthFPS (64-bit, PCD3D_SM5) ' being destroyed
[2018.04.14-16.18.11:910][351]LogWindowsTextInputMethodSystem: Display: IME system now deactivated.
[2018.04.14-16.18.11:910][351]LogWindowsTextInputMethodSystem: Display: IME system now deactivated.
[2018.04.14-16.18.11:914][351]LogEngine: All Windows Closed
[2018.04.14-16.18.11:915][351]LogWindows: FPlatformMisc::RequestExit(0)
[2018.04.14-16.18.12:575][352]LogSlate: Slate User Destroyed.  User Index 0, Is Virtual User: 0
[2018.04.14-16.18.12:576][352]LogExit: Preparing to exit.
[2018.04.14-16.18.12:576][352]LogMoviePlayer: Shutting down movie player
[2018.04.14-16.18.13:609][352]LogExit: Game engine shut down
[2018.04.14-16.18.13:775][352]LogExit: Object subsystem successfully closed.
[2018.04.14-16.18.13:946][352]LogShaderCompilers: Display: Shaders left to compile 0
[2018.04.14-16.18.13:951][352]LogD3D11RHI: Shutdown
[2018.04.14-16.18.13:951][352]LogD3D11RHI: CleanupD3DDevice
[2018.04.14-16.18.13:954][352]LogD3D11RHI: ~FD3D11DynamicRHI
[2018.04.14-16.18.13:994][352]LogModuleManager: Shutting down and abandoning module SequenceRecorderSections (332)
[2018.04.14-16.18.13:994][352]LogModuleManager: Shutting down and abandoning module SequenceRecorder (330)
[2018.04.14-16.18.13:995][352]LogModuleManager: Shutting down and abandoning module AutomationController (328)
[2018.04.14-16.18.13:996][352]LogModuleManager: Shutting down and abandoning module AutomationWorker (326)
[2018.04.14-16.18.13:996][352]LogModuleManager: Shutting down and abandoning module AIModule (324)
[2018.04.14-16.18.13:997][352]LogModuleManager: Shutting down and abandoning module GameplayDebugger (323)
[2018.04.14-16.18.13:997][352]LogModuleManager: Shutting down and abandoning module AITestSuite (321)
[2018.04.14-16.18.13:998][352]LogModuleManager: Shutting down and abandoning module WmfMediaFactory (318)
[2018.04.14-16.18.13:998][352]LogModuleManager: Shutting down and abandoning module OpenExrWrapper (316)
[2018.04.14-16.18.13:998][352]LogModuleManager: Shutting down and abandoning module ImgMediaFactory (314)
[2018.04.14-16.18.13:998][352]LogModuleManager: Shutting down and abandoning module AvfMediaFactory (312)
[2018.04.14-16.18.13:998][352]LogModuleManager: Shutting down and abandoning module CharacterAI (310)
[2018.04.14-16.18.13:998][352]LogModuleManager: Shutting down and abandoning module SessionServices (308)
[2018.04.14-16.18.13:998][352]LogModuleManager: Shutting down and abandoning module MovieSceneCapture (306)
[2018.04.14-16.18.13:998][352]LogModuleManager: Shutting down and abandoning module MovieSceneTracks (304)
[2018.04.14-16.18.13:998][352]LogModuleManager: Shutting down and abandoning module MovieScene (302)
[2018.04.14-16.18.13:998][352]LogModuleManager: Shutting down and abandoning module GeometryCache (300)
[2018.04.14-16.18.13:998][352]LogModuleManager: Shutting down and abandoning module GeometryCacheEd (299)
[2018.04.14-16.18.13:998][352]LogModuleManager: Shutting down and abandoning module StreamingPauseRendering (296)
[2018.04.14-16.18.13:998][352]LogModuleManager: Shutting down and abandoning module PortalServices (294)
[2018.04.14-16.18.13:998][352]LogModuleManager: Shutting down and abandoning module PortalRpc (292)
[2018.04.14-16.18.13:998][352]LogModuleManager: Shutting down and abandoning module MessagingRpc (290)
[2018.04.14-16.18.13:998][352]LogModuleManager: Shutting down and abandoning module ProfilerService (288)
[2018.04.14-16.18.14:125][352]LogModuleManager: Shutting down and abandoning module TaskGraph (286)
[2018.04.14-16.18.14:127][352]LogModuleManager: Shutting down and abandoning module SteamVRController (284)
[2018.04.14-16.18.14:127][352]LogModuleManager: Shutting down and abandoning module ProceduralMeshComponent (282)
[2018.04.14-16.18.14:127][352]LogModuleManager: Shutting down and abandoning module OculusInput (280)
[2018.04.14-16.18.14:128][352]LogModuleManager: Shutting down and abandoning module MobilePatchingUtils (278)
[2018.04.14-16.18.14:128][352]LogModuleManager: Shutting down and abandoning module CustomMeshComponent (276)
[2018.04.14-16.18.14:128][352]LogModuleManager: Shutting down and abandoning module CableComponent (274)
[2018.04.14-16.18.14:128][352]LogModuleManager: Shutting down and abandoning module AudioCapture (272)
[2018.04.14-16.18.14:128][352]LogModuleManager: Shutting down and abandoning module ArchVisCharacter (270)
[2018.04.14-16.18.14:128][352]LogModuleManager: Shutting down and abandoning module AndroidPermission (268)
[2018.04.14-16.18.14:128][352]LogModuleManager: Shutting down and abandoning module NUTUnrealEngine4 (264)
[2018.04.14-16.18.14:128][352]LogModuleManager: Shutting down and abandoning module NetcodeUnitTest (262)
[2018.04.14-16.18.14:129][352]LogModuleManager: Shutting down and abandoning module MediaCompositing (260)
[2018.04.14-16.18.14:129][352]LogModuleManager: Shutting down and abandoning module LinearTimecode (258)
[2018.04.14-16.18.14:129][352]LogModuleManager: Shutting down and abandoning module ImgMedia (256)
[2018.04.14-16.18.14:132][352]LogModuleManager: Shutting down and abandoning module HTML5Networking (254)
[2018.04.14-16.18.14:132][352]LogModuleManager: Shutting down and abandoning module DatasmithContent (252)
[2018.04.14-16.18.14:132][352]LogModuleManager: Shutting down and abandoning module CryptoKeysOpenSSL (250)
[2018.04.14-16.18.14:132][352]LogModuleManager: Shutting down and abandoning module CryptoKeys (248)
[2018.04.14-16.18.14:133][352]LogModuleManager: Shutting down and abandoning module VisualStudioSourceCodeAccess (246)
[2018.04.14-16.18.14:133][352]LogModuleManager: Shutting down and abandoning module HotReload (245)
[2018.04.14-16.18.14:133][352]LogModuleManager: Shutting down and abandoning module DirectoryWatcher (244)
[2018.04.14-16.18.14:133][352]LogModuleManager: Shutting down and abandoning module VisualStudioCodeSourceCodeAccess (240)
[2018.04.14-16.18.14:133][352]LogModuleManager: Shutting down and abandoning module UObjectPlugin (238)
[2018.04.14-16.18.14:133][352]LogModuleManager: Shutting down and abandoning module SubversionSourceControl (236)
[2018.04.14-16.18.14:134][352]LogModuleManager: Shutting down and abandoning module PerforceSourceControl (234)
[2018.04.14-16.18.14:135][352]LogModuleManager: Shutting down and abandoning module SourceControl (233)
[2018.04.14-16.18.14:136][352]LogModuleManager: Shutting down and abandoning module CLionSourceCodeAccess (230)
[2018.04.14-16.18.14:136][352]LogModuleManager: Shutting down and abandoning module RuntimePhysXCooking (228)
[2018.04.14-16.18.14:136][352]LogModuleManager: Shutting down and abandoning module PhysXVehiclesEditor (226)
[2018.04.14-16.18.14:136][352]LogModuleManager: Shutting down and abandoning module PhysXVehicles (224)
[2018.04.14-16.18.14:136][352]LogModuleManager: Shutting down and abandoning module LocationServicesBPLibrary (222)
[2018.04.14-16.18.14:136][352]LogModuleManager: Shutting down and abandoning module ImmediatePhysicsEditor (220)
[2018.04.14-16.18.14:136][352]LogModuleManager: Shutting down and abandoning module ImmediatePhysics (218)
[2018.04.14-16.18.14:136][352]LogModuleManager: Shutting down and abandoning module ActorSequence (216)
[2018.04.14-16.18.14:137][352]LogModuleManager: Shutting down and abandoning module UdpMessaging (214)
[2018.04.14-16.18.14:240][352]LogModuleManager: Shutting down and abandoning module TcpMessaging (212)
[2018.04.14-16.18.14:475][352]LogModuleManager: Shutting down and abandoning module GameplayTagsEditor (210)
[2018.04.14-16.18.14:476][352]LogModuleManager: Shutting down and abandoning module FacialAnimation (208)
[2018.04.14-16.18.14:477][352]LogModuleManager: Shutting down and abandoning module DataValidation (206)
[2018.04.14-16.18.14:477][352]LogModuleManager: Shutting down and abandoning module AssetManagerEditor (204)
[2018.04.14-16.18.14:477][352]LogModuleManager: Shutting down and abandoning module TreeMap (203)
[2018.04.14-16.18.14:478][352]LogModuleManager: Shutting down and abandoning module LightPropagationVolumeRuntime (200)
[2018.04.14-16.18.14:478][352]LogModuleManager: Shutting down and abandoning module LiveLink (198)
[2018.04.14-16.18.15:290][352]LogModuleManager: Shutting down and abandoning module Paper2D (196)
[2018.04.14-16.18.15:291][352]LogModuleManager: Shutting down and abandoning module PIEPreviewDeviceProfileSelector (194)
[2018.04.14-16.18.15:291][352]LogModuleManager: Shutting down and abandoning module WindowsMoviePlayer (192)
[2018.04.14-16.18.15:291][352]LogModuleManager: Shutting down and abandoning module WmfMedia (190)
[2018.04.14-16.18.15:292][352]LogModuleManager: Shutting down and abandoning module Media (189)
[2018.04.14-16.18.15:298][352]LogModuleManager: Shutting down and abandoning module PacketHandler (186)
[2018.04.14-16.18.15:298][352]LogModuleManager: Shutting down and abandoning module ClothingSystemEditor (184)
[2018.04.14-16.18.15:298][352]LogModuleManager: Shutting down and abandoning module ClothingSystemRuntime (182)
[2018.04.14-16.18.15:299][352]LogModuleManager: Shutting down and abandoning module MediaAssets (180)
[2018.04.14-16.18.15:299][352]LogModuleManager: Shutting down and abandoning module Overlay (178)
[2018.04.14-16.18.15:299][352]LogModuleManager: Shutting down and abandoning module OverlayEditor (177)
[2018.04.14-16.18.15:299][352]LogModuleManager: Shutting down and abandoning module VREditor (174)
[2018.04.14-16.18.15:300][352]LogModuleManager: Shutting down and abandoning module StringTableEditor (172)
[2018.04.14-16.18.15:300][352]LogModuleManager: Shutting down and abandoning module GameplayTasksEditor (170)
[2018.04.14-16.18.15:300][352]LogModuleManager: Shutting down and abandoning module BehaviorTreeEditor (168)
[2018.04.14-16.18.15:302][352]LogModuleManager: Shutting down and abandoning module FunctionalTesting (166)
[2018.04.14-16.18.15:302][352]LogModuleManager: Shutting down and abandoning module CollisionAnalyzer (164)
[2018.04.14-16.18.15:304][352]LogModuleManager: Shutting down and abandoning module WorkspaceMenuStructure (163)
[2018.04.14-16.18.15:304][352]LogModuleManager: Shutting down and abandoning module UMG (160)
[2018.04.14-16.18.15:305][352]LogModuleManager: Shutting down and abandoning module UMGEditor (159)
[2018.04.14-16.18.15:309][352]LogModuleManager: Shutting down and abandoning module Sequencer (158)
[2018.04.14-16.18.15:310][352]LogModuleManager: Shutting down and abandoning module MessageLog (155)
[2018.04.14-16.18.15:311][352]LogModuleManager: Shutting down and abandoning module SlateReflector (150)
[2018.04.14-16.18.15:313][352]LogModuleManager: Shutting down and abandoning module Slate (148)
[2018.04.14-16.18.15:313][352]LogModuleManager: Shutting down and abandoning module EditorStyle (146)
[2018.04.14-16.18.15:314][352]LogModuleManager: Shutting down and abandoning module MRMesh (144)
[2018.04.14-16.18.15:314][352]LogModuleManager: Shutting down and abandoning module Messaging (142)
[2018.04.14-16.18.15:314][352]LogModuleManager: Shutting down and abandoning module SourceCodeAccess (140)
[2018.04.14-16.18.15:315][352]LogModuleManager: Shutting down and abandoning module HeadMountedDisplay (138)
[2018.04.14-16.18.15:315][352]LogModuleManager: Shutting down and abandoning module XAudio2 (136)
[2018.04.14-16.18.15:315][352]LogModuleManager: Shutting down and abandoning module Networking (134)
[2018.04.14-16.18.15:315][352]LogModuleManager: Shutting down and abandoning module Core (132)
[2018.04.14-16.18.15:315][352]LogModuleManager: Shutting down and abandoning module LevelSequence (130)
[2018.04.14-16.18.15:315][352]LogModuleManager: Shutting down and abandoning module KismetCompiler (128)
[2018.04.14-16.18.15:315][352]LogModuleManager: Shutting down and abandoning module MeshUtilities (126)
[2018.04.14-16.18.15:315][352]LogModuleManager: Shutting down and abandoning module MeshMergeUtilities (125)
[2018.04.14-16.18.15:315][352]LogModuleManager: Shutting down and abandoning module MeshReductionInterface (124)
[2018.04.14-16.18.15:315][352]LogModuleManager: Shutting down and abandoning module SimplygonSwarm (123)
[2018.04.14-16.18.15:316][352]LogModuleManager: Shutting down and abandoning module SimplygonMeshReduction (121)
[2018.04.14-16.18.15:317][352]LogModuleManager: Shutting down and abandoning module QuadricMeshReduction (119)
[2018.04.14-16.18.15:317][352]LogModuleManager: Shutting down and abandoning module MaterialBaking (115)
[2018.04.14-16.18.15:318][352]LogModuleManager: Shutting down and abandoning module DerivedDataCache (110)
[2018.04.14-16.18.15:706][352]LogDerivedDataCache: Shutdown
[2018.04.14-16.18.15:706][352]LogModuleManager: Shutting down and abandoning module XGEController (108)
[2018.04.14-16.18.15:706][352]LogModuleManager: Shutting down and abandoning module TargetPlatform (106)
[2018.04.14-16.18.15:706][352]LogModuleManager: Shutting down and abandoning module VulkanShaderFormat (105)
[2018.04.14-16.18.15:706][352]LogModuleManager: Shutting down and abandoning module ShaderFormatVectorVM (103)
[2018.04.14-16.18.15:707][352]LogModuleManager: Shutting down and abandoning module ShaderFormatOpenGL (101)
[2018.04.14-16.18.15:707][352]LogModuleManager: Shutting down and abandoning module ShaderFormatD3D (99)
[2018.04.14-16.18.15:707][352]LogModuleManager: Shutting down and abandoning module MetalShaderFormat (97)
[2018.04.14-16.18.15:708][352]LogModuleManager: Shutting down and abandoning module TextureFormatUncompressed (95)
[2018.04.14-16.18.15:708][352]LogModuleManager: Shutting down and abandoning module TextureFormatPVR (93)
[2018.04.14-16.18.15:708][352]LogModuleManager: Shutting down and abandoning module TextureFormatDXT (91)
[2018.04.14-16.18.15:708][352]LogModuleManager: Shutting down and abandoning module TextureFormatIntelISPCTexComp (89)
[2018.04.14-16.18.15:708][352]LogModuleManager: Shutting down and abandoning module TextureFormatASTC (87)
[2018.04.14-16.18.15:708][352]LogModuleManager: Shutting down and abandoning module ImageWrapper (86)
[2018.04.14-16.18.15:709][352]LogModuleManager: Shutting down and abandoning module TextureFormatAndroid (83)
[2018.04.14-16.18.15:709][352]LogModuleManager: Shutting down and abandoning module AudioFormatOpus (81)
[2018.04.14-16.18.15:709][352]LogModuleManager: Shutting down and abandoning module AudioFormatOgg (79)
[2018.04.14-16.18.15:709][352]LogModuleManager: Shutting down and abandoning module AudioFormatADPCM (77)
[2018.04.14-16.18.15:709][352]LogModuleManager: Shutting down and abandoning module WindowsTargetPlatform (75)
[2018.04.14-16.18.15:709][352]LogModuleManager: Shutting down and abandoning module WindowsServerTargetPlatform (73)
[2018.04.14-16.18.15:709][352]LogModuleManager: Shutting down and abandoning module WindowsNoEditorTargetPlatform (71)
[2018.04.14-16.18.15:709][352]LogModuleManager: Shutting down and abandoning module WindowsClientTargetPlatform (69)
[2018.04.14-16.18.15:709][352]LogModuleManager: Shutting down and abandoning module InputCore (66)
[2018.04.14-16.18.15:709][352]LogModuleManager: Shutting down and abandoning module Settings (64)
[2018.04.14-16.18.15:709][352]LogModuleManager: Shutting down and abandoning module PhysXCooking (62)
[2018.04.14-16.18.15:709][352]LogModuleManager: Shutting down and abandoning module SteamVR (60)
[2018.04.14-16.18.15:709][352]LogModuleManager: Shutting down and abandoning module OculusHMD (58)
[2018.04.14-16.18.15:709][352]LogModuleManager: Shutting down and abandoning module ExampleDeviceProfileSelector (56)
[2018.04.14-16.18.15:709][352]LogModuleManager: Shutting down and abandoning module AppleARKit (54)
[2018.04.14-16.18.15:709][352]LogModuleManager: Shutting down and abandoning module AugmentedReality (51)
[2018.04.14-16.18.15:709][352]LogModuleManager: Shutting down and abandoning module OnlineBlueprintSupport (48)
[2018.04.14-16.18.15:709][352]LogModuleManager: Shutting down and abandoning module OnlineSubsystem (44)
[2018.04.14-16.18.15:710][352]LogModuleManager: Shutting down and abandoning module XMPP (43)
[2018.04.14-16.18.15:712][352]LogModuleManager: Shutting down and abandoning module HTTP (41)
[2018.04.14-16.18.15:729][352]LogModuleManager: Shutting down and abandoning module SSL (40)
[2018.04.14-16.18.15:732][352]LogModuleManager: Shutting down and abandoning module AnimationModifiers (36)
[2018.04.14-16.18.15:733][352]LogModuleManager: Shutting down and abandoning module PropertyEditor (35)
[2018.04.14-16.18.15:733][352]LogModuleManager: Shutting down and abandoning module AudioEditor (32)
[2018.04.14-16.18.15:733][352]LogModuleManager: Shutting down and abandoning module TextureCompressor (30)
[2018.04.14-16.18.15:734][352]LogModuleManager: Shutting down and abandoning module ShaderCore (28)
[2018.04.14-16.18.15:734][352]LogModuleManager: Shutting down and abandoning module Landscape (26)
[2018.04.14-16.18.15:735][352]LogModuleManager: Shutting down and abandoning module SlateRHIRenderer (24)
[2018.04.14-16.18.15:735][352]LogModuleManager: Shutting down and abandoning module OpenGLDrv (22)
[2018.04.14-16.18.15:736][352]LogModuleManager: Shutting down and abandoning module D3D11RHI (20)
[2018.04.14-16.18.15:736][352]LogModuleManager: Shutting down and abandoning module AnimGraphRuntime (18)
[2018.04.14-16.18.15:736][352]LogModuleManager: Shutting down and abandoning module Renderer (16)
[2018.04.14-16.18.15:737][352]LogModuleManager: Shutting down and abandoning module Engine (14)
[2018.04.14-16.18.15:737][352]LogModuleManager: Shutting down and abandoning module CoreUObject (12)
[2018.04.14-16.18.15:737][352]LogModuleManager: Shutting down and abandoning module NetworkFile (10)
[2018.04.14-16.18.15:737][352]LogModuleManager: Shutting down and abandoning module CookedIterativeFile (8)
[2018.04.14-16.18.15:738][352]LogModuleManager: Shutting down and abandoning module StreamingFile (6)
[2018.04.14-16.18.15:738][352]LogModuleManager: Shutting down and abandoning module SandboxFile (4)
[2018.04.14-16.18.15:738][352]LogModuleManager: Shutting down and abandoning module PakFile (2)
[2018.04.14-16.18.15:752][352]LogExit: Exiting.
[2018.04.14-16.18.15:754][352]Log file closed, 04/14/18 12:18:15
